<?xml version="1.0" encoding="UTF-8"?>
<robot generator="Robot 7.2.2 (Python 3.13.4 on win32)" generated="2025-07-05T18:28:41.149875" rpa="false" schemaversion="5">
<suite id="s1" name="Signup" source="C:\Users\thais\OneDrive\Documentos\Cinema APP vscode\robotfrontend\resources\tests\signup.robot">
<test id="s1-t1" name="Cadastro e Login com Sucesso" line="21">
<kw name="Start Session" owner="base">
<msg time="2025-07-05T18:28:41.884101" level="TRACE">Arguments: [  ]</msg>
<kw name="New Browser" owner="Browser">
<msg time="2025-07-05T18:28:41.887332" level="TRACE">Arguments: [ browser=&lt;SupportedBrowsers.chromium: 1&gt; | headless=False ]</msg>
<msg time="2025-07-05T18:28:41.888099" level="INFO">{"browser": "chromium", "headless": false, "chromiumSandbox": false, "devtools": false, "handleSIGHUP": true, "handleSIGINT": true, "handleSIGTERM": true, "slowMo": 0.0, "timeout": 30000.0, "tracesDir": "C:\\Users\\thais\\OneDrive\\Documentos\\Cinema APP vscode\\robotfrontend\\logs\\browser\\traces\\temp\\92e24294-b7ef-42af-8dd5-7d59c52518c1"}</msg>
<msg time="2025-07-05T18:28:41.956605" level="INFO">Starting Browser process C:\Python313\Lib\site-packages\Browser\wrapper\index.js using at 127.0.0.1:35209</msg>
<msg time="2025-07-05T18:28:41.956779" level="TRACE">Node startup parameters: ['node', 'C:\\Python313\\Lib\\site-packages\\Browser\\wrapper\\index.js', '127.0.0.1', '35209']</msg>
<msg time="2025-07-05T18:28:44.041883" level="DEBUG">&lt;_InactiveRpcError of RPC that terminated with:
	status = StatusCode.UNAVAILABLE
	details = "failed to connect to all addresses; last error: UNAVAILABLE: ipv4:127.0.0.1:35209: ConnectEx: Connection refused (No connection could be made because the target machine actively refused it.
 -- 10061)"
	debug_error_string = "UNKNOWN:Error received from peer  {grpc_message:"failed to connect to all addresses; last error: UNAVAILABLE: ipv4:127.0.0.1:35209: ConnectEx: Connection refused (No connection could be made because the target machine actively refused it.\r\n -- 10061)", grpc_status:14}"
&gt;</msg>
<msg time="2025-07-05T18:28:44.683957" level="TRACE">Connected to the playwright process at 127.0.0.1:35209: body: "OK"
</msg>
<msg time="2025-07-05T18:28:45.589467" level="INFO">Successfully created browser with options: {"browser":"chromium","headless":false,"chromiumSandbox":false,"devtools":false,"handleSIGHUP":true,"handleSIGINT":true,"handleSIGTERM":true,"slowMo":0,"timeout":30000,"tracesDir":"C:\\Users\\thais\\OneDrive\\Documentos\\Cinema APP vscode\\robotfrontend\\logs\\browser\\traces\\temp\\92e24294-b7ef-42af-8dd5-7d59c52518c1"}</msg>
<msg time="2025-07-05T18:28:45.589739" level="TRACE">Return: 'browser=b431ad7e-f16e-4f50-9b4a-b7e07e968a8a'</msg>
<arg>browser=chromium</arg>
<arg>headless=${HEADLESS}</arg>
<tag>BrowserControl</tag>
<tag>Setter</tag>
<doc>Create a new playwright Browser with specified options.</doc>
<status status="PASS" start="2025-07-05T18:28:41.885044" elapsed="3.704848"/>
</kw>
<kw name="New Page" owner="Browser">
<msg time="2025-07-05T18:28:45.591401" level="TRACE">Arguments: [ 'http://localhost:3002/' ]</msg>
<msg time="2025-07-05T18:28:47.153811" level="INFO">Successfully initialized new page object and opened url: http://localhost:3002/</msg>
<msg time="2025-07-05T18:28:47.154008" level="INFO">No context was open. New context was automatically opened when this page is created.</msg>
<msg time="2025-07-05T18:28:47.154639" level="DEBUG">Video is not enabled.</msg>
<msg time="2025-07-05T18:28:47.154936" level="TRACE">Return: {'page_id': 'page=eac949d7-53d1-4912-98dc-c368a332f6c3', 'video_path': ''}</msg>
<arg>http://localhost:3002/</arg>
<tag>BrowserControl</tag>
<tag>Setter</tag>
<doc>Open a new Page.</doc>
<status status="PASS" start="2025-07-05T18:28:45.590372" elapsed="1.564722"/>
</kw>
<msg time="2025-07-05T18:28:47.155353" level="TRACE">Return: None</msg>
<status status="PASS" start="2025-07-05T18:28:41.882719" elapsed="5.272996"/>
</kw>
<kw name="Remover Usuário Existente">
<msg time="2025-07-05T18:28:47.174017" level="TRACE">Arguments: [ ${email}='thais@yahoo.com' ]</msg>
<kw name="Obter usuário por email" owner="Mongo">
<msg time="2025-07-05T18:28:47.175180" level="TRACE">Arguments: [ ${email}='thais@yahoo.com' ]</msg>
<kw name="Get User" owner="database">
<msg time="2025-07-05T18:28:47.176187" level="TRACE">Arguments: [ 'thais@yahoo.com' ]</msg>
<msg time="2025-07-05T18:28:51.726516" level="TRACE">Return: {'_id': ObjectId('68699667fec7635284d2a938'),
 'name': 'Thaís QA Amaral',
 'email': 'thais@yahoo.com',
 'password': '$2b$10$sFCZhlKFSyaMByx1a8gt/uo0/thMYgX4SXX3.t.auQtgU1c7AYE9C',
 'role': 'user',
 'createdAt': datetime.datetime(2025, 7, 5, 21, 17, 27, 835000),
 'updatedAt': datetime.datetime(2025, 7, 5, 21, 17, 48, 110000),
 '__v': 0}</msg>
<msg time="2025-07-05T18:28:51.726898" level="INFO">${user} = {'_id': ObjectId('68699667fec7635284d2a938'), 'name': 'Thaís QA Amaral', 'email': 'thais@yahoo.com', 'password': '$2b$10$sFCZhlKFSyaMByx1a8gt/uo0/thMYgX4SXX3.t.auQtgU1c7AYE9C', 'role': 'user', 'create...</msg>
<var>${user}</var>
<arg>${email}</arg>
<status status="PASS" start="2025-07-05T18:28:47.175599" elapsed="4.551349"/>
</kw>
<return>
<value>${user}</value>
<status status="PASS" start="2025-07-05T18:28:51.727104" elapsed="0.000379"/>
</return>
<msg time="2025-07-05T18:28:51.727702" level="TRACE">Return: {'_id': ObjectId('68699667fec7635284d2a938'),
 'name': 'Thaís QA Amaral',
 'email': 'thais@yahoo.com',
 'password': '$2b$10$sFCZhlKFSyaMByx1a8gt/uo0/thMYgX4SXX3.t.auQtgU1c7AYE9C',
 'role': 'user',
 'createdAt': datetime.datetime(2025, 7, 5, 21, 17, 27, 835000),
 'updatedAt': datetime.datetime(2025, 7, 5, 21, 17, 48, 110000),
 '__v': 0}</msg>
<msg time="2025-07-05T18:28:51.727937" level="INFO">${user_existe} = {'_id': ObjectId('68699667fec7635284d2a938'), 'name': 'Thaís QA Amaral', 'email': 'thais@yahoo.com', 'password': '$2b$10$sFCZhlKFSyaMByx1a8gt/uo0/thMYgX4SXX3.t.auQtgU1c7AYE9C', 'role': 'user', 'create...</msg>
<var>${user_existe}</var>
<arg>${email}</arg>
<status status="PASS" start="2025-07-05T18:28:47.174455" elapsed="4.553522"/>
</kw>
<kw name="Run Keyword If" owner="BuiltIn">
<msg time="2025-07-05T18:28:51.728537" level="TRACE">Arguments: [ '$user_existe is not $None' | 'Remover usuário por email' | '${email}' ]</msg>
<kw name="Remover usuário por email" owner="Mongo">
<msg time="2025-07-05T18:28:51.729415" level="TRACE">Arguments: [ ${email}='thais@yahoo.com' ]</msg>
<kw name="Delete User" owner="database">
<msg time="2025-07-05T18:28:51.729944" level="TRACE">Arguments: [ 'thais@yahoo.com' ]</msg>
<msg time="2025-07-05T18:28:56.662028" level="TRACE">Return: True</msg>
<msg time="2025-07-05T18:28:56.662371" level="INFO">${result} = True</msg>
<var>${result}</var>
<arg>${email}</arg>
<status status="PASS" start="2025-07-05T18:28:51.729642" elapsed="4.932827"/>
</kw>
<kw name="Should Be True" owner="BuiltIn">
<msg time="2025-07-05T18:28:56.663957" level="TRACE">Arguments: [ True | 'Falha ao remover usuário thais@yahoo.com' ]</msg>
<msg time="2025-07-05T18:28:56.664234" level="TRACE">Return: None</msg>
<arg>${result}</arg>
<arg>Falha ao remover usuário ${email}</arg>
<doc>Fails if the given condition is not true.</doc>
<status status="PASS" start="2025-07-05T18:28:56.662923" elapsed="0.001420"/>
</kw>
<msg time="2025-07-05T18:28:56.664551" level="TRACE">Return: None</msg>
<arg>${email}</arg>
<status status="PASS" start="2025-07-05T18:28:51.729012" elapsed="4.935637"/>
</kw>
<msg time="2025-07-05T18:28:56.664846" level="TRACE">Return: None</msg>
<arg>$user_existe is not $None</arg>
<arg>Remover usuário por email</arg>
<arg>${email}</arg>
<doc>Runs the given keyword with the given arguments, if ``condition`` is true.</doc>
<status status="PASS" start="2025-07-05T18:28:51.728236" elapsed="4.936783"/>
</kw>
<msg time="2025-07-05T18:28:56.665344" level="TRACE">Return: None</msg>
<arg>${EMAIL}</arg>
<status status="PASS" start="2025-07-05T18:28:47.172890" elapsed="9.492656"/>
</kw>
<kw name="Create Dictionary" owner="BuiltIn">
<msg time="2025-07-05T18:28:56.667831" level="TRACE">Arguments: [ 'name=Thaís Amaral' | 'email=${EMAIL}' | 'password=${SENHA}' | 'confirmPassword=${SENHA}' ]</msg>
<msg time="2025-07-05T18:28:56.669644" level="TRACE">Return: {'name': 'Thaís Amaral',
 'email': 'thais@yahoo.com',
 'password': 'pwd123',
 'confirmPassword': 'pwd123'}</msg>
<msg time="2025-07-05T18:28:56.669915" level="INFO">${usuario} = {'name': 'Thaís Amaral', 'email': 'thais@yahoo.com', 'password': 'pwd123', 'confirmPassword': 'pwd123'}</msg>
<var>${usuario}</var>
<arg>name=Thaís Amaral</arg>
<arg>email=${EMAIL}</arg>
<arg>password=${SENHA}</arg>
<arg>confirmPassword=${SENHA}</arg>
<doc>Creates and returns a dictionary based on the given ``items``.</doc>
<status status="PASS" start="2025-07-05T18:28:56.666833" elapsed="0.003212"/>
</kw>
<kw name="Ir Para Cadastro" owner="AuthPage">
<msg time="2025-07-05T18:28:56.671316" level="TRACE">Arguments: [  ]</msg>
<kw name="Wait For Elements State" owner="Browser">
<msg time="2025-07-05T18:28:56.672808" level="TRACE">Arguments: [ 'text=Cadastrar' | &lt;ElementState.visible: 4&gt; | timeout=datetime.timedelta(seconds=5) ]</msg>
<msg time="2025-07-05T18:28:56.710986" level="INFO">Waited for Element with selector text=Cadastrar at state visible</msg>
<msg time="2025-07-05T18:28:56.711139" level="TRACE">Return: None</msg>
<arg>text=Cadastrar</arg>
<arg>visible</arg>
<arg>timeout=5</arg>
<tag>PageContent</tag>
<tag>Wait</tag>
<doc>Waits for the element found by ``selector`` to satisfy state option.</doc>
<status status="PASS" start="2025-07-05T18:28:56.671604" elapsed="0.039603"/>
</kw>
<kw name="Click" owner="Browser">
<msg time="2025-07-05T18:28:56.712334" level="TRACE">Arguments: [ 'text=Cadastrar' ]</msg>
<msg time="2025-07-05T18:28:56.712527" level="INFO">Clicks the element 'text=Cadastrar'.</msg>
<msg time="2025-07-05T18:28:56.713167" level="DEBUG">Click options are: {"button": "left", "clickCount": 1, "force": false, "noWaitAfter": false, "trial": false}</msg>
<msg time="2025-07-05T18:28:56.830330" level="DEBUG">Clicked element: 'text=Cadastrar' with options: '{"button": "left", "clickCount": 1, "force": false, "noWaitAfter": false, "trial": false}' successfully.</msg>
<msg time="2025-07-05T18:28:56.830585" level="TRACE">Return: None</msg>
<arg>text=Cadastrar</arg>
<tag>PageContent</tag>
<tag>Setter</tag>
<doc>Simulates mouse click on the element found by ``selector``.</doc>
<status status="PASS" start="2025-07-05T18:28:56.711477" elapsed="0.119245"/>
</kw>
<msg time="2025-07-05T18:28:56.830882" level="TRACE">Return: None</msg>
<doc>Acessa a tela de cadastro a partir da página inicial</doc>
<status status="PASS" start="2025-07-05T18:28:56.670768" elapsed="0.160191"/>
</kw>
<kw name="Preencher Formulário Cadastro" owner="AuthPage">
<msg time="2025-07-05T18:28:56.832326" level="TRACE">Arguments: [ ${user}={'name': 'Thaís Amaral',
 'email': 'thais@yahoo.com',
 'password': 'pwd123',
 'confirmPassword': 'pwd123'} ]</msg>
<kw name="Fill Text" owner="Browser">
<msg time="2025-07-05T18:28:56.833953" level="TRACE">Arguments: [ 'id=name' | 'Thaís Amaral' ]</msg>
<msg time="2025-07-05T18:28:56.834152" level="INFO">Fills the text 'Thaís Amaral' in the given field.</msg>
<msg time="2025-07-05T18:28:56.866459" level="DEBUG">Fill text Thaís Amaral on id=name with force: false</msg>
<msg time="2025-07-05T18:28:56.866746" level="TRACE">Return: None</msg>
<arg>id=name</arg>
<arg>${user}[name]</arg>
<tag>PageContent</tag>
<tag>Setter</tag>
<doc>Clears and fills the given ``txt`` into the text field found by ``selector``.</doc>
<status status="PASS" start="2025-07-05T18:28:56.832750" elapsed="0.034110"/>
</kw>
<kw name="Fill Text" owner="Browser">
<msg time="2025-07-05T18:28:56.870994" level="TRACE">Arguments: [ 'id=email' | 'thais@yahoo.com' ]</msg>
<msg time="2025-07-05T18:28:56.871277" level="INFO">Fills the text 'thais@yahoo.com' in the given field.</msg>
<msg time="2025-07-05T18:28:56.938526" level="DEBUG">Fill text thais@yahoo.com on id=email with force: false</msg>
<msg time="2025-07-05T18:28:56.938783" level="TRACE">Return: None</msg>
<arg>id=email</arg>
<arg>${user}[email]</arg>
<tag>PageContent</tag>
<tag>Setter</tag>
<doc>Clears and fills the given ``txt`` into the text field found by ``selector``.</doc>
<status status="PASS" start="2025-07-05T18:28:56.867140" elapsed="0.071780"/>
</kw>
<kw name="Fill Text" owner="Browser">
<msg time="2025-07-05T18:28:56.943466" level="TRACE">Arguments: [ 'id=password' | 'pwd123' ]</msg>
<msg time="2025-07-05T18:28:56.943688" level="INFO">Fills the text 'pwd123' in the given field.</msg>
<msg time="2025-07-05T18:28:56.986671" level="DEBUG">Fill text pwd123 on id=password with force: false</msg>
<msg time="2025-07-05T18:28:56.986905" level="TRACE">Return: None</msg>
<arg>id=password</arg>
<arg>${user}[password]</arg>
<tag>PageContent</tag>
<tag>Setter</tag>
<doc>Clears and fills the given ``txt`` into the text field found by ``selector``.</doc>
<status status="PASS" start="2025-07-05T18:28:56.939230" elapsed="0.047785"/>
</kw>
<kw name="Fill Text" owner="Browser">
<msg time="2025-07-05T18:28:56.988356" level="TRACE">Arguments: [ 'id=confirmPassword' | 'pwd123' ]</msg>
<msg time="2025-07-05T18:28:56.988537" level="INFO">Fills the text 'pwd123' in the given field.</msg>
<msg time="2025-07-05T18:28:57.031104" level="DEBUG">Fill text pwd123 on id=confirmPassword with force: false</msg>
<msg time="2025-07-05T18:28:57.031340" level="TRACE">Return: None</msg>
<arg>id=confirmPassword</arg>
<arg>${user}[confirmPassword]</arg>
<tag>PageContent</tag>
<tag>Setter</tag>
<doc>Clears and fills the given ``txt`` into the text field found by ``selector``.</doc>
<status status="PASS" start="2025-07-05T18:28:56.987327" elapsed="0.044118"/>
</kw>
<kw name="Take Screenshot" owner="Browser">
<msg time="2025-07-05T18:28:57.033051" level="TRACE">Arguments: [ filename='auth_01_form_cadastro.png' ]</msg>
<msg time="2025-07-05T18:28:57.231253" level="DEBUG">Screenshot successfully captured to: C:\Users\thais\OneDrive\Documentos\Cinema APP vscode\robotfrontend\logs\browser\screenshot\auth_01_form_cadastro.png.png</msg>
<msg time="2025-07-05T18:28:57.231614" level="INFO" html="true">&lt;/td&gt;&lt;/tr&gt;&lt;tr&gt;&lt;td colspan="3"&gt;&lt;a href="browser/screenshot/auth_01_form_cadastro.png.png" target="_blank"&gt;&lt;img src="browser/screenshot/auth_01_form_cadastro.png.png" width="800px"/&gt;&lt;/a&gt;</msg>
<msg time="2025-07-05T18:28:57.231743" level="TRACE">Return: 'C:\\Users\\thais\\OneDrive\\Documentos\\Cinema APP vscode\\robotfrontend\\logs\\browser\\screenshot\\auth_01_form_cadastro.png.png'</msg>
<arg>filename=auth_01_form_cadastro.png</arg>
<tag>PageContent</tag>
<doc>Takes a screenshot of the current window or element and saves it to disk.</doc>
<status status="PASS" start="2025-07-05T18:28:57.031758" elapsed="0.200037"/>
</kw>
<msg time="2025-07-05T18:28:57.231886" level="TRACE">Return: None</msg>
<arg>${usuario}</arg>
<doc>Preenche os campos do formulário de cadastro com dados válidos ou inválidos</doc>
<status status="PASS" start="2025-07-05T18:28:56.831529" elapsed="0.400395"/>
</kw>
<kw name="Submeter Cadastro" owner="AuthPage">
<msg time="2025-07-05T18:28:57.233391" level="TRACE">Arguments: [  ]</msg>
<kw name="Click" owner="Browser">
<msg time="2025-07-05T18:28:57.234854" level="TRACE">Arguments: [ 'css=button[type=submit]' ]</msg>
<msg time="2025-07-05T18:28:57.235006" level="INFO">Clicks the element 'css=button[type=submit]'.</msg>
<msg time="2025-07-05T18:28:57.236068" level="DEBUG">Click options are: {"button": "left", "clickCount": 1, "force": false, "noWaitAfter": false, "trial": false}</msg>
<msg time="2025-07-05T18:28:57.301481" level="DEBUG">Clicked element: 'css=button[type=submit]' with options: '{"button": "left", "clickCount": 1, "force": false, "noWaitAfter": false, "trial": false}' successfully.</msg>
<msg time="2025-07-05T18:28:57.301721" level="TRACE">Return: None</msg>
<arg>css=button[type=submit]</arg>
<tag>PageContent</tag>
<tag>Setter</tag>
<doc>Simulates mouse click on the element found by ``selector``.</doc>
<status status="PASS" start="2025-07-05T18:28:57.233875" elapsed="0.068153"/>
</kw>
<kw name="Take Screenshot" owner="Browser">
<msg time="2025-07-05T18:28:57.303585" level="TRACE">Arguments: [ filename='auth_02_submit_cadastro.png' ]</msg>
<msg time="2025-07-05T18:28:57.530176" level="DEBUG">Screenshot successfully captured to: C:\Users\thais\OneDrive\Documentos\Cinema APP vscode\robotfrontend\logs\browser\screenshot\auth_02_submit_cadastro.png.png</msg>
<msg time="2025-07-05T18:28:57.530639" level="INFO" html="true">&lt;/td&gt;&lt;/tr&gt;&lt;tr&gt;&lt;td colspan="3"&gt;&lt;a href="browser/screenshot/auth_02_submit_cadastro.png.png" target="_blank"&gt;&lt;img src="browser/screenshot/auth_02_submit_cadastro.png.png" width="800px"/&gt;&lt;/a&gt;</msg>
<msg time="2025-07-05T18:28:57.530826" level="TRACE">Return: 'C:\\Users\\thais\\OneDrive\\Documentos\\Cinema APP vscode\\robotfrontend\\logs\\browser\\screenshot\\auth_02_submit_cadastro.png.png'</msg>
<arg>filename=auth_02_submit_cadastro.png</arg>
<tag>PageContent</tag>
<doc>Takes a screenshot of the current window or element and saves it to disk.</doc>
<status status="PASS" start="2025-07-05T18:28:57.302512" elapsed="0.228384"/>
</kw>
<msg time="2025-07-05T18:28:57.531014" level="TRACE">Return: None</msg>
<doc>Clica no botão para submeter o cadastro</doc>
<status status="PASS" start="2025-07-05T18:28:57.232649" elapsed="0.298414"/>
</kw>
<kw name="Wait For Elements State" owner="Browser">
<msg time="2025-07-05T18:28:57.533136" level="TRACE">Arguments: [ 'css=.alert-content' | &lt;ElementState.visible: 4&gt; | timeout=datetime.timedelta(seconds=5) ]</msg>
<msg time="2025-07-05T18:28:57.853311" level="INFO">Waited for Element with selector css=.alert-content at state visible</msg>
<msg time="2025-07-05T18:28:57.853583" level="TRACE">Return: None</msg>
<arg>css=.alert-content</arg>
<arg>visible</arg>
<arg>timeout=5</arg>
<tag>PageContent</tag>
<tag>Wait</tag>
<doc>Waits for the element found by ``selector`` to satisfy state option.</doc>
<status status="PASS" start="2025-07-05T18:28:57.532023" elapsed="0.321663"/>
</kw>
<kw name="Get Text" owner="Browser">
<msg time="2025-07-05T18:28:57.856357" level="TRACE">Arguments: [ 'css=.alert-content' ]</msg>
<msg time="2025-07-05T18:28:57.924403" level="DEBUG">Text received successfully.</msg>
<msg time="2025-07-05T18:28:57.924548" level="INFO">Text: 'Conta criada com sucesso!'</msg>
<msg time="2025-07-05T18:28:57.924736" level="TRACE">Return: 'Conta criada com sucesso!'</msg>
<msg time="2025-07-05T18:28:57.924940" level="INFO">${msg} = Conta criada com sucesso!</msg>
<var>${msg}</var>
<arg>css=.alert-content</arg>
<tag>Assertion</tag>
<tag>Getter</tag>
<tag>PageContent</tag>
<doc>Returns text attribute of the element found by ``selector``.</doc>
<status status="PASS" start="2025-07-05T18:28:57.855048" elapsed="0.069954"/>
</kw>
<kw name="Should Be Equal As Strings" owner="BuiltIn">
<msg time="2025-07-05T18:28:57.932806" level="TRACE">Arguments: [ 'Conta criada com sucesso!' | 'Conta criada com sucesso!' ]</msg>
<msg time="2025-07-05T18:28:57.932977" level="DEBUG">Argument types are:
&lt;class 'str'&gt;
&lt;class 'str'&gt;</msg>
<msg time="2025-07-05T18:28:57.933096" level="TRACE">Return: None</msg>
<arg>${msg}</arg>
<arg>Conta criada com sucesso!</arg>
<doc>Fails if objects are unequal after converting them to strings.</doc>
<status status="PASS" start="2025-07-05T18:28:57.932348" elapsed="0.000819"/>
</kw>
<kw name="Take Screenshot" owner="Browser">
<msg time="2025-07-05T18:28:57.935112" level="TRACE">Arguments: [ filename='CT-001_01_cadastro_sucesso.png' ]</msg>
<msg time="2025-07-05T18:28:58.137982" level="DEBUG">Screenshot successfully captured to: C:\Users\thais\OneDrive\Documentos\Cinema APP vscode\robotfrontend\logs\browser\screenshot\CT-001_01_cadastro_sucesso.png.png</msg>
<msg time="2025-07-05T18:28:58.138501" level="INFO" html="true">&lt;/td&gt;&lt;/tr&gt;&lt;tr&gt;&lt;td colspan="3"&gt;&lt;a href="browser/screenshot/CT-001_01_cadastro_sucesso.png.png" target="_blank"&gt;&lt;img src="browser/screenshot/CT-001_01_cadastro_sucesso.png.png" width="800px"/&gt;&lt;/a&gt;</msg>
<msg time="2025-07-05T18:28:58.138732" level="TRACE">Return: 'C:\\Users\\thais\\OneDrive\\Documentos\\Cinema APP vscode\\robotfrontend\\logs\\browser\\screenshot\\CT-001_01_cadastro_sucesso.png.png'</msg>
<arg>filename=CT-001_01_cadastro_sucesso.png</arg>
<tag>PageContent</tag>
<doc>Takes a screenshot of the current window or element and saves it to disk.</doc>
<status status="PASS" start="2025-07-05T18:28:57.934051" elapsed="0.204796"/>
</kw>
<kw name="Obter usuário por email" owner="Mongo">
<msg time="2025-07-05T18:28:58.152359" level="TRACE">Arguments: [ ${email}='thais@yahoo.com' ]</msg>
<kw name="Get User" owner="database">
<msg time="2025-07-05T18:28:58.153230" level="TRACE">Arguments: [ 'thais@yahoo.com' ]</msg>
<msg time="2025-07-05T18:29:02.529648" level="TRACE">Return: {'_id': ObjectId('68699919fec7635284d2a984'),
 'name': 'Thaís Amaral',
 'email': 'thais@yahoo.com',
 'password': '$2b$10$j4HHo2N5Un36LCvuV6L2VOm7LoxBxIVSpNVS3hvy8YgDP7UD7JAbC',
 'role': 'user',
 'createdAt': datetime.datetime(2025, 7, 5, 21, 28, 57, 441000),
 'updatedAt': datetime.datetime(2025, 7, 5, 21, 28, 57, 441000),
 '__v': 0}</msg>
<msg time="2025-07-05T18:29:02.531433" level="INFO">${user} = {'_id': ObjectId('68699919fec7635284d2a984'), 'name': 'Thaís Amaral', 'email': 'thais@yahoo.com', 'password': '$2b$10$j4HHo2N5Un36LCvuV6L2VOm7LoxBxIVSpNVS3hvy8YgDP7UD7JAbC', 'role': 'user', 'createdAt...</msg>
<var>${user}</var>
<arg>${email}</arg>
<status status="PASS" start="2025-07-05T18:28:58.152696" elapsed="4.378949"/>
</kw>
<return>
<value>${user}</value>
<status status="PASS" start="2025-07-05T18:29:02.532003" elapsed="0.000800"/>
</return>
<msg time="2025-07-05T18:29:02.533272" level="TRACE">Return: {'_id': ObjectId('68699919fec7635284d2a984'),
 'name': 'Thaís Amaral',
 'email': 'thais@yahoo.com',
 'password': '$2b$10$j4HHo2N5Un36LCvuV6L2VOm7LoxBxIVSpNVS3hvy8YgDP7UD7JAbC',
 'role': 'user',
 'createdAt': datetime.datetime(2025, 7, 5, 21, 28, 57, 441000),
 'updatedAt': datetime.datetime(2025, 7, 5, 21, 28, 57, 441000),
 '__v': 0}</msg>
<msg time="2025-07-05T18:29:02.533750" level="INFO">${db_user} = {'_id': ObjectId('68699919fec7635284d2a984'), 'name': 'Thaís Amaral', 'email': 'thais@yahoo.com', 'password': '$2b$10$j4HHo2N5Un36LCvuV6L2VOm7LoxBxIVSpNVS3hvy8YgDP7UD7JAbC', 'role': 'user', 'createdAt...</msg>
<var>${db_user}</var>
<arg>${usuario}[email]</arg>
<status status="PASS" start="2025-07-05T18:28:58.151563" elapsed="4.382274"/>
</kw>
<kw name="Should Not Be Equal" owner="BuiltIn">
<msg time="2025-07-05T18:29:02.535511" level="TRACE">Arguments: [ {'_id': ObjectId('68699919fec7635284d2a984'),
 'name': 'Thaís Amaral',
 'email': 'thais@yahoo.com',
 'password': '$2b$10$j4HHo2N5Un36LCvuV6L2VOm7LoxBxIVSpNVS3hvy8YgDP7UD7JAbC',
 'role': 'user',
 'createdAt': datetime.datetime(2025, 7, 5, 21, 28, 57, 441000),
 'updatedAt': datetime.datetime(2025, 7, 5, 21, 28, 57, 441000),
 '__v': 0} | None ]</msg>
<msg time="2025-07-05T18:29:02.535774" level="INFO">Argument types are:
&lt;class 'dict'&gt;
&lt;class 'NoneType'&gt;</msg>
<msg time="2025-07-05T18:29:02.535915" level="TRACE">Return: None</msg>
<arg>${db_user}</arg>
<arg>${None}</arg>
<doc>Fails if the given objects are equal.</doc>
<status status="PASS" start="2025-07-05T18:29:02.534734" elapsed="0.001296"/>
</kw>
<kw name="Realizar Logout Inicial" owner="AuthPage">
<msg time="2025-07-05T18:29:02.537219" level="TRACE">Arguments: [  ]</msg>
<kw name="Run Keyword And Return Status" owner="BuiltIn">
<msg time="2025-07-05T18:29:02.537866" level="TRACE">Arguments: [ 'Wait For Elements State' | 'css=.btn-logout' | 'visible' | 'timeout=2' ]</msg>
<kw name="Wait For Elements State" owner="Browser">
<msg time="2025-07-05T18:29:02.539224" level="TRACE">Arguments: [ 'css=.btn-logout' | &lt;ElementState.visible: 4&gt; | timeout=datetime.timedelta(seconds=2) ]</msg>
<msg time="2025-07-05T18:29:02.549265" level="INFO">Waited for Element with selector css=.btn-logout at state visible</msg>
<msg time="2025-07-05T18:29:02.549479" level="TRACE">Return: None</msg>
<arg>css=.btn-logout</arg>
<arg>visible</arg>
<arg>timeout=2</arg>
<tag>PageContent</tag>
<tag>Wait</tag>
<doc>Waits for the element found by ``selector`` to satisfy state option.</doc>
<status status="PASS" start="2025-07-05T18:29:02.538194" elapsed="0.011348"/>
</kw>
<msg time="2025-07-05T18:29:02.549628" level="TRACE">Return: True</msg>
<msg time="2025-07-05T18:29:02.549708" level="INFO">${logout_visible} = True</msg>
<var>${logout_visible}</var>
<arg>Wait For Elements State</arg>
<arg>css=.btn-logout</arg>
<arg>visible</arg>
<arg>timeout=2</arg>
<doc>Runs the given keyword with given arguments and returns the status as a Boolean value.</doc>
<status status="PASS" start="2025-07-05T18:29:02.537508" elapsed="0.012225"/>
</kw>
<kw name="Run Keyword If" owner="BuiltIn">
<msg time="2025-07-05T18:29:02.550244" level="TRACE">Arguments: [ True | 'Click' | 'css=.btn-logout' ]</msg>
<kw name="Click" owner="Browser">
<msg time="2025-07-05T18:29:02.550867" level="TRACE">Arguments: [ 'css=.btn-logout' ]</msg>
<msg time="2025-07-05T18:29:02.550947" level="INFO">Clicks the element 'css=.btn-logout'.</msg>
<msg time="2025-07-05T18:29:02.551545" level="DEBUG">Click options are: {"button": "left", "clickCount": 1, "force": false, "noWaitAfter": false, "trial": false}</msg>
<msg time="2025-07-05T18:29:02.614707" level="DEBUG">Clicked element: 'css=.btn-logout' with options: '{"button": "left", "clickCount": 1, "force": false, "noWaitAfter": false, "trial": false}' successfully.</msg>
<msg time="2025-07-05T18:29:02.614952" level="TRACE">Return: None</msg>
<arg>css=.btn-logout</arg>
<tag>PageContent</tag>
<tag>Setter</tag>
<doc>Simulates mouse click on the element found by ``selector``.</doc>
<status status="PASS" start="2025-07-05T18:29:02.550402" elapsed="0.064673"/>
</kw>
<msg time="2025-07-05T18:29:02.615227" level="TRACE">Return: None</msg>
<arg>${logout_visible}</arg>
<arg>Click</arg>
<arg>css=.btn-logout</arg>
<doc>Runs the given keyword with the given arguments, if ``condition`` is true.</doc>
<status status="PASS" start="2025-07-05T18:29:02.549937" elapsed="0.065391"/>
</kw>
<kw name="Take Screenshot" owner="Browser">
<msg time="2025-07-05T18:29:02.617160" level="TRACE">Arguments: [ filename='auth_05_logout_inicial.png' ]</msg>
<msg time="2025-07-05T18:29:02.870888" level="DEBUG">Screenshot successfully captured to: C:\Users\thais\OneDrive\Documentos\Cinema APP vscode\robotfrontend\logs\browser\screenshot\auth_05_logout_inicial.png.png</msg>
<msg time="2025-07-05T18:29:02.871238" level="INFO" html="true">&lt;/td&gt;&lt;/tr&gt;&lt;tr&gt;&lt;td colspan="3"&gt;&lt;a href="browser/screenshot/auth_05_logout_inicial.png.png" target="_blank"&gt;&lt;img src="browser/screenshot/auth_05_logout_inicial.png.png" width="800px"/&gt;&lt;/a&gt;</msg>
<msg time="2025-07-05T18:29:02.871363" level="TRACE">Return: 'C:\\Users\\thais\\OneDrive\\Documentos\\Cinema APP vscode\\robotfrontend\\logs\\browser\\screenshot\\auth_05_logout_inicial.png.png'</msg>
<arg>filename=auth_05_logout_inicial.png</arg>
<tag>PageContent</tag>
<doc>Takes a screenshot of the current window or element and saves it to disk.</doc>
<status status="PASS" start="2025-07-05T18:29:02.615891" elapsed="0.255522"/>
</kw>
<msg time="2025-07-05T18:29:02.871502" level="TRACE">Return: None</msg>
<doc>Verifica se o botão de logout está visível e, se sim, realiza logout</doc>
<status status="PASS" start="2025-07-05T18:29:02.536726" elapsed="0.334811"/>
</kw>
<kw name="Sleep" owner="BuiltIn">
<msg time="2025-07-05T18:29:02.872240" level="TRACE">Arguments: [ '2s' ]</msg>
<msg time="2025-07-05T18:29:04.872878" level="INFO">Slept 2 seconds.</msg>
<msg time="2025-07-05T18:29:04.873017" level="TRACE">Return: None</msg>
<arg>2s</arg>
<doc>Pauses the test executed for the given time.</doc>
<status status="PASS" start="2025-07-05T18:29:02.871855" elapsed="2.001247"/>
</kw>
<kw name="Preencher Credenciais Login" owner="AuthPage">
<msg time="2025-07-05T18:29:04.874815" level="TRACE">Arguments: [ ${email}='thais@yahoo.com' | ${password}='pwd123' ]</msg>
<kw name="Wait For Elements State" owner="Browser">
<msg time="2025-07-05T18:29:04.876358" level="TRACE">Arguments: [ 'id=email' | &lt;ElementState.visible: 4&gt; | timeout=datetime.timedelta(seconds=5) ]</msg>
<msg time="2025-07-05T18:29:04.884527" level="INFO">Waited for Element with selector id=email at state visible</msg>
<msg time="2025-07-05T18:29:04.884738" level="TRACE">Return: None</msg>
<arg>id=email</arg>
<arg>visible</arg>
<arg>timeout=5</arg>
<tag>PageContent</tag>
<tag>Wait</tag>
<doc>Waits for the element found by ``selector`` to satisfy state option.</doc>
<status status="PASS" start="2025-07-05T18:29:04.875124" elapsed="0.009714"/>
</kw>
<kw name="Fill Text" owner="Browser">
<msg time="2025-07-05T18:29:04.886229" level="TRACE">Arguments: [ 'id=email' | 'thais@yahoo.com' ]</msg>
<msg time="2025-07-05T18:29:04.886409" level="INFO">Fills the text 'thais@yahoo.com' in the given field.</msg>
<msg time="2025-07-05T18:29:04.914940" level="DEBUG">Fill text thais@yahoo.com on id=email with force: false</msg>
<msg time="2025-07-05T18:29:04.915191" level="TRACE">Return: None</msg>
<arg>id=email</arg>
<arg>${email}</arg>
<tag>PageContent</tag>
<tag>Setter</tag>
<doc>Clears and fills the given ``txt`` into the text field found by ``selector``.</doc>
<status status="PASS" start="2025-07-05T18:29:04.885124" elapsed="0.030203"/>
</kw>
<kw name="Fill Text" owner="Browser">
<msg time="2025-07-05T18:29:04.917659" level="TRACE">Arguments: [ 'id=password' | 'pwd123' ]</msg>
<msg time="2025-07-05T18:29:04.918336" level="INFO">Fills the text 'pwd123' in the given field.</msg>
<msg time="2025-07-05T18:29:04.958498" level="DEBUG">Fill text pwd123 on id=password with force: false</msg>
<msg time="2025-07-05T18:29:04.958739" level="TRACE">Return: None</msg>
<arg>id=password</arg>
<arg>${password}</arg>
<tag>PageContent</tag>
<tag>Setter</tag>
<doc>Clears and fills the given ``txt`` into the text field found by ``selector``.</doc>
<status status="PASS" start="2025-07-05T18:29:04.915691" elapsed="0.043159"/>
</kw>
<kw name="Take Screenshot" owner="Browser">
<msg time="2025-07-05T18:29:04.960579" level="TRACE">Arguments: [ filename='auth_03_credenciais_login.png' ]</msg>
<msg time="2025-07-05T18:29:05.179214" level="DEBUG">Screenshot successfully captured to: C:\Users\thais\OneDrive\Documentos\Cinema APP vscode\robotfrontend\logs\browser\screenshot\auth_03_credenciais_login.png.png</msg>
<msg time="2025-07-05T18:29:05.179712" level="INFO" html="true">&lt;/td&gt;&lt;/tr&gt;&lt;tr&gt;&lt;td colspan="3"&gt;&lt;a href="browser/screenshot/auth_03_credenciais_login.png.png" target="_blank"&gt;&lt;img src="browser/screenshot/auth_03_credenciais_login.png.png" width="800px"/&gt;&lt;/a&gt;</msg>
<msg time="2025-07-05T18:29:05.179944" level="TRACE">Return: 'C:\\Users\\thais\\OneDrive\\Documentos\\Cinema APP vscode\\robotfrontend\\logs\\browser\\screenshot\\auth_03_credenciais_login.png.png'</msg>
<arg>filename=auth_03_credenciais_login.png</arg>
<tag>PageContent</tag>
<doc>Takes a screenshot of the current window or element and saves it to disk.</doc>
<status status="PASS" start="2025-07-05T18:29:04.959148" elapsed="0.220893"/>
</kw>
<msg time="2025-07-05T18:29:05.180180" level="TRACE">Return: None</msg>
<arg>${EMAIL}</arg>
<arg>${SENHA}</arg>
<doc>Preenche as credenciais no formulário de login</doc>
<status status="PASS" start="2025-07-05T18:29:04.874009" elapsed="0.306238"/>
</kw>
<kw name="Submeter Login" owner="AuthPage">
<msg time="2025-07-05T18:29:05.181381" level="TRACE">Arguments: [  ]</msg>
<kw name="Click" owner="Browser">
<msg time="2025-07-05T18:29:05.182472" level="TRACE">Arguments: [ 'css=.btn-primary.login-btn' ]</msg>
<msg time="2025-07-05T18:29:05.182658" level="INFO">Clicks the element 'css=.btn-primary.login-btn'.</msg>
<msg time="2025-07-05T18:29:05.183502" level="DEBUG">Click options are: {"button": "left", "clickCount": 1, "force": false, "noWaitAfter": false, "trial": false}</msg>
<msg time="2025-07-05T18:29:05.250762" level="DEBUG">Clicked element: 'css=.btn-primary.login-btn' with options: '{"button": "left", "clickCount": 1, "force": false, "noWaitAfter": false, "trial": false}' successfully.</msg>
<msg time="2025-07-05T18:29:05.252370" level="TRACE">Return: None</msg>
<arg>css=.btn-primary.login-btn</arg>
<tag>PageContent</tag>
<tag>Setter</tag>
<doc>Simulates mouse click on the element found by ``selector``.</doc>
<status status="PASS" start="2025-07-05T18:29:05.181572" elapsed="0.071749"/>
</kw>
<kw name="Wait For Elements State" owner="Browser">
<msg time="2025-07-05T18:29:05.255351" level="TRACE">Arguments: [ 'css=.alert-content &gt;&gt; text=Login realizado com sucesso!' | &lt;ElementState.visible: 4&gt; | timeout=datetime.timedelta(seconds=5) ]</msg>
<msg time="2025-07-05T18:29:05.478976" level="INFO">Waited for Element with selector css=.alert-content &gt;&gt; text=Login realizado com sucesso! at state visible</msg>
<msg time="2025-07-05T18:29:05.480006" level="TRACE">Return: None</msg>
<arg>css=.alert-content &gt;&gt; text=Login realizado com sucesso!</arg>
<arg>visible</arg>
<arg>timeout=5</arg>
<tag>PageContent</tag>
<tag>Wait</tag>
<doc>Waits for the element found by ``selector`` to satisfy state option.</doc>
<status status="PASS" start="2025-07-05T18:29:05.253771" elapsed="0.226398"/>
</kw>
<kw name="Take Screenshot" owner="Browser">
<msg time="2025-07-05T18:29:05.482208" level="TRACE">Arguments: [ filename='auth_04_login_sucesso.png' ]</msg>
<msg time="2025-07-05T18:29:05.701516" level="DEBUG">Screenshot successfully captured to: C:\Users\thais\OneDrive\Documentos\Cinema APP vscode\robotfrontend\logs\browser\screenshot\auth_04_login_sucesso.png.png</msg>
<msg time="2025-07-05T18:29:05.701988" level="INFO" html="true">&lt;/td&gt;&lt;/tr&gt;&lt;tr&gt;&lt;td colspan="3"&gt;&lt;a href="browser/screenshot/auth_04_login_sucesso.png.png" target="_blank"&gt;&lt;img src="browser/screenshot/auth_04_login_sucesso.png.png" width="800px"/&gt;&lt;/a&gt;</msg>
<msg time="2025-07-05T18:29:05.702230" level="TRACE">Return: 'C:\\Users\\thais\\OneDrive\\Documentos\\Cinema APP vscode\\robotfrontend\\logs\\browser\\screenshot\\auth_04_login_sucesso.png.png'</msg>
<arg>filename=auth_04_login_sucesso.png</arg>
<tag>PageContent</tag>
<doc>Takes a screenshot of the current window or element and saves it to disk.</doc>
<status status="PASS" start="2025-07-05T18:29:05.480601" elapsed="0.221739"/>
</kw>
<msg time="2025-07-05T18:29:05.702484" level="TRACE">Return: None</msg>
<doc>Submete o login esperando sucesso (casos positivos)</doc>
<status status="PASS" start="2025-07-05T18:29:05.180777" elapsed="0.521779"/>
</kw>
<kw name="Wait For Elements State" owner="Browser">
<msg time="2025-07-05T18:29:05.704582" level="TRACE">Arguments: [ 'css=.alert-content' | &lt;ElementState.visible: 4&gt; | timeout=datetime.timedelta(seconds=5) ]</msg>
<msg time="2025-07-05T18:29:05.715789" level="INFO">Waited for Element with selector css=.alert-content at state visible</msg>
<msg time="2025-07-05T18:29:05.716025" level="TRACE">Return: None</msg>
<arg>css=.alert-content</arg>
<arg>visible</arg>
<arg>timeout=5</arg>
<tag>PageContent</tag>
<tag>Wait</tag>
<doc>Waits for the element found by ``selector`` to satisfy state option.</doc>
<status status="PASS" start="2025-07-05T18:29:05.703382" elapsed="0.012754"/>
</kw>
<kw name="Get Text" owner="Browser">
<msg time="2025-07-05T18:29:05.718777" level="TRACE">Arguments: [ 'css=.alert-content' ]</msg>
<msg time="2025-07-05T18:29:05.747146" level="DEBUG">Text received successfully.</msg>
<msg time="2025-07-05T18:29:05.747264" level="INFO">Text: 'Login realizado com sucesso!'</msg>
<msg time="2025-07-05T18:29:05.747379" level="TRACE">Return: 'Login realizado com sucesso!'</msg>
<msg time="2025-07-05T18:29:05.747528" level="INFO">${msg_login} = Login realizado com sucesso!</msg>
<var>${msg_login}</var>
<arg>css=.alert-content</arg>
<tag>Assertion</tag>
<tag>Getter</tag>
<tag>PageContent</tag>
<doc>Returns text attribute of the element found by ``selector``.</doc>
<status status="PASS" start="2025-07-05T18:29:05.717585" elapsed="0.029990"/>
</kw>
<kw name="Should Be Equal As Strings" owner="BuiltIn">
<msg time="2025-07-05T18:29:05.748637" level="TRACE">Arguments: [ 'Login realizado com sucesso!' | 'Login realizado com sucesso!' ]</msg>
<msg time="2025-07-05T18:29:05.748821" level="DEBUG">Argument types are:
&lt;class 'str'&gt;
&lt;class 'str'&gt;</msg>
<msg time="2025-07-05T18:29:05.748911" level="TRACE">Return: None</msg>
<arg>${msg_login}</arg>
<arg>Login realizado com sucesso!</arg>
<doc>Fails if objects are unequal after converting them to strings.</doc>
<status status="PASS" start="2025-07-05T18:29:05.748044" elapsed="0.000930"/>
</kw>
<kw name="Take Screenshot" owner="Browser">
<msg time="2025-07-05T18:29:05.750374" level="TRACE">Arguments: [ filename='CT-001_02_login_sucesso.png' ]</msg>
<msg time="2025-07-05T18:29:05.920796" level="DEBUG">Screenshot successfully captured to: C:\Users\thais\OneDrive\Documentos\Cinema APP vscode\robotfrontend\logs\browser\screenshot\CT-001_02_login_sucesso.png.png</msg>
<msg time="2025-07-05T18:29:05.921311" level="INFO" html="true">&lt;/td&gt;&lt;/tr&gt;&lt;tr&gt;&lt;td colspan="3"&gt;&lt;a href="browser/screenshot/CT-001_02_login_sucesso.png.png" target="_blank"&gt;&lt;img src="browser/screenshot/CT-001_02_login_sucesso.png.png" width="800px"/&gt;&lt;/a&gt;</msg>
<msg time="2025-07-05T18:29:05.921532" level="TRACE">Return: 'C:\\Users\\thais\\OneDrive\\Documentos\\Cinema APP vscode\\robotfrontend\\logs\\browser\\screenshot\\CT-001_02_login_sucesso.png.png'</msg>
<arg>filename=CT-001_02_login_sucesso.png</arg>
<tag>PageContent</tag>
<doc>Takes a screenshot of the current window or element and saves it to disk.</doc>
<status status="PASS" start="2025-07-05T18:29:05.749498" elapsed="0.172133"/>
</kw>
<kw name="Fazer Logout Final" owner="AuthPage">
<msg time="2025-07-05T18:29:05.922969" level="TRACE">Arguments: [  ]</msg>
<kw name="Wait For Elements State" owner="Browser">
<msg time="2025-07-05T18:29:05.924655" level="TRACE">Arguments: [ 'css=.btn-logout' | &lt;ElementState.visible: 4&gt; | timeout=datetime.timedelta(seconds=5) ]</msg>
<msg time="2025-07-05T18:29:05.937819" level="INFO">Waited for Element with selector css=.btn-logout at state visible</msg>
<msg time="2025-07-05T18:29:05.938089" level="TRACE">Return: None</msg>
<arg>css=.btn-logout</arg>
<arg>visible</arg>
<arg>timeout=5</arg>
<tag>PageContent</tag>
<tag>Wait</tag>
<doc>Waits for the element found by ``selector`` to satisfy state option.</doc>
<status status="PASS" start="2025-07-05T18:29:05.923246" elapsed="0.014952"/>
</kw>
<kw name="Click" owner="Browser">
<msg time="2025-07-05T18:29:05.939476" level="TRACE">Arguments: [ 'css=.btn-logout' ]</msg>
<msg time="2025-07-05T18:29:05.939665" level="INFO">Clicks the element 'css=.btn-logout'.</msg>
<msg time="2025-07-05T18:29:05.941361" level="DEBUG">Click options are: {"button": "left", "clickCount": 1, "force": false, "noWaitAfter": false, "trial": false}</msg>
<msg time="2025-07-05T18:29:06.039181" level="DEBUG">Clicked element: 'css=.btn-logout' with options: '{"button": "left", "clickCount": 1, "force": false, "noWaitAfter": false, "trial": false}' successfully.</msg>
<msg time="2025-07-05T18:29:06.039438" level="TRACE">Return: None</msg>
<arg>css=.btn-logout</arg>
<tag>PageContent</tag>
<tag>Setter</tag>
<doc>Simulates mouse click on the element found by ``selector``.</doc>
<status status="PASS" start="2025-07-05T18:29:05.938485" elapsed="0.101059"/>
</kw>
<kw name="Wait For Elements State" owner="Browser">
<msg time="2025-07-05T18:29:06.042304" level="TRACE">Arguments: [ 'text=Entrar' | &lt;ElementState.visible: 4&gt; | timeout=datetime.timedelta(seconds=5) ]</msg>
<msg time="2025-07-05T18:29:06.064665" level="INFO">Waited for Element with selector text=Entrar at state visible</msg>
<msg time="2025-07-05T18:29:06.064924" level="TRACE">Return: None</msg>
<arg>text=Entrar</arg>
<arg>visible</arg>
<arg>timeout=5</arg>
<tag>PageContent</tag>
<tag>Wait</tag>
<doc>Waits for the element found by ``selector`` to satisfy state option.</doc>
<status status="PASS" start="2025-07-05T18:29:06.039858" elapsed="0.025185"/>
</kw>
<kw name="Take Screenshot" owner="Browser">
<msg time="2025-07-05T18:29:06.066503" level="TRACE">Arguments: [ filename='auth_06_logout_final.png' ]</msg>
<msg time="2025-07-05T18:29:06.302539" level="DEBUG">Screenshot successfully captured to: C:\Users\thais\OneDrive\Documentos\Cinema APP vscode\robotfrontend\logs\browser\screenshot\auth_06_logout_final.png.png</msg>
<msg time="2025-07-05T18:29:06.302984" level="INFO" html="true">&lt;/td&gt;&lt;/tr&gt;&lt;tr&gt;&lt;td colspan="3"&gt;&lt;a href="browser/screenshot/auth_06_logout_final.png.png" target="_blank"&gt;&lt;img src="browser/screenshot/auth_06_logout_final.png.png" width="800px"/&gt;&lt;/a&gt;</msg>
<msg time="2025-07-05T18:29:06.303192" level="TRACE">Return: 'C:\\Users\\thais\\OneDrive\\Documentos\\Cinema APP vscode\\robotfrontend\\logs\\browser\\screenshot\\auth_06_logout_final.png.png'</msg>
<arg>filename=auth_06_logout_final.png</arg>
<tag>PageContent</tag>
<doc>Takes a screenshot of the current window or element and saves it to disk.</doc>
<status status="PASS" start="2025-07-05T18:29:06.065531" elapsed="0.237779"/>
</kw>
<msg time="2025-07-05T18:29:06.303421" level="TRACE">Return: None</msg>
<doc>Realiza logout ao final do teste garantindo retorno à tela inicial</doc>
<status status="PASS" start="2025-07-05T18:29:05.922285" elapsed="0.381181"/>
</kw>
<kw name="Take Screenshot" owner="Browser">
<msg time="2025-07-05T18:29:06.305386" level="TRACE">Arguments: [ filename='CT-001_03_logout_final.png' ]</msg>
<msg time="2025-07-05T18:29:06.509446" level="DEBUG">Screenshot successfully captured to: C:\Users\thais\OneDrive\Documentos\Cinema APP vscode\robotfrontend\logs\browser\screenshot\CT-001_03_logout_final.png.png</msg>
<msg time="2025-07-05T18:29:06.510137" level="INFO" html="true">&lt;/td&gt;&lt;/tr&gt;&lt;tr&gt;&lt;td colspan="3"&gt;&lt;a href="browser/screenshot/CT-001_03_logout_final.png.png" target="_blank"&gt;&lt;img src="browser/screenshot/CT-001_03_logout_final.png.png" width="800px"/&gt;&lt;/a&gt;</msg>
<msg time="2025-07-05T18:29:06.510642" level="TRACE">Return: 'C:\\Users\\thais\\OneDrive\\Documentos\\Cinema APP vscode\\robotfrontend\\logs\\browser\\screenshot\\CT-001_03_logout_final.png.png'</msg>
<arg>filename=CT-001_03_logout_final.png</arg>
<tag>PageContent</tag>
<doc>Takes a screenshot of the current window or element and saves it to disk.</doc>
<status status="PASS" start="2025-07-05T18:29:06.304033" elapsed="0.206865"/>
</kw>
<kw name="Close Browser" owner="Browser">
<msg time="2025-07-05T18:29:06.512780" level="TRACE">Arguments: [  ]</msg>
<msg time="2025-07-05T18:29:07.145715" level="INFO">Closed browser</msg>
<msg time="2025-07-05T18:29:07.145952" level="TRACE">Return: None</msg>
<tag>BrowserControl</tag>
<tag>Setter</tag>
<doc>Closes the current browser.</doc>
<status status="PASS" start="2025-07-05T18:29:06.511939" elapsed="0.634134"/>
</kw>
<msg time="2025-07-05T18:29:07.151449" level="TRACE">Suppress error Error: Browser has been closed. when setting timeout.</msg>
<tag>critical</tag>
<tag>CT-001</tag>
<tag>e2e</tag>
<tag>smoke</tag>
<status status="PASS" start="2025-07-05T18:28:41.881010" elapsed="25.265469"/>
</test>
<test id="s1-t2" name="Bloquear Cadastro com Email Já Existente" line="57">
<kw name="Start Session" owner="base">
<msg time="2025-07-05T18:29:07.165780" level="TRACE">Arguments: [  ]</msg>
<kw name="New Browser" owner="Browser">
<msg time="2025-07-05T18:29:07.167015" level="TRACE">Arguments: [ browser=&lt;SupportedBrowsers.chromium: 1&gt; | headless=False ]</msg>
<msg time="2025-07-05T18:29:07.167479" level="INFO">{"browser": "chromium", "headless": false, "chromiumSandbox": false, "devtools": false, "handleSIGHUP": true, "handleSIGINT": true, "handleSIGTERM": true, "slowMo": 0.0, "timeout": 30000.0, "tracesDir": "C:\\Users\\thais\\OneDrive\\Documentos\\Cinema APP vscode\\robotfrontend\\logs\\browser\\traces\\temp\\98251931-0d14-4add-acb9-1a304bbef89a"}</msg>
<msg time="2025-07-05T18:29:07.669510" level="INFO">Successfully created browser with options: {"browser":"chromium","headless":false,"chromiumSandbox":false,"devtools":false,"handleSIGHUP":true,"handleSIGINT":true,"handleSIGTERM":true,"slowMo":0,"timeout":30000,"tracesDir":"C:\\Users\\thais\\OneDrive\\Documentos\\Cinema APP vscode\\robotfrontend\\logs\\browser\\traces\\temp\\98251931-0d14-4add-acb9-1a304bbef89a"}</msg>
<msg time="2025-07-05T18:29:07.669758" level="TRACE">Return: 'browser=911ea159-0184-40a2-b813-fe6f8496e948'</msg>
<arg>browser=chromium</arg>
<arg>headless=${HEADLESS}</arg>
<tag>BrowserControl</tag>
<tag>Setter</tag>
<doc>Create a new playwright Browser with specified options.</doc>
<status status="PASS" start="2025-07-05T18:29:07.166061" elapsed="0.503813"/>
</kw>
<kw name="New Page" owner="Browser">
<msg time="2025-07-05T18:29:07.689085" level="TRACE">Arguments: [ 'http://localhost:3002/' ]</msg>
<msg time="2025-07-05T18:29:09.137134" level="INFO">Successfully initialized new page object and opened url: http://localhost:3002/</msg>
<msg time="2025-07-05T18:29:09.137264" level="INFO">No context was open. New context was automatically opened when this page is created.</msg>
<msg time="2025-07-05T18:29:09.137394" level="DEBUG">Video is not enabled.</msg>
<msg time="2025-07-05T18:29:09.137608" level="TRACE">Return: {'page_id': 'page=d4f21f90-9d5d-4ce1-a68c-27b07afc2e5c', 'video_path': ''}</msg>
<arg>http://localhost:3002/</arg>
<tag>BrowserControl</tag>
<tag>Setter</tag>
<doc>Open a new Page.</doc>
<status status="PASS" start="2025-07-05T18:29:07.670180" elapsed="1.467546"/>
</kw>
<msg time="2025-07-05T18:29:09.137874" level="TRACE">Return: None</msg>
<status status="PASS" start="2025-07-05T18:29:07.165144" elapsed="1.972790"/>
</kw>
<kw name="Create Dictionary" owner="BuiltIn">
<msg time="2025-07-05T18:29:09.187363" level="TRACE">Arguments: [ 'name=Thaís Amaral' | 'email=${EMAIL}' | 'password=${SENHA}' | 'confirmPassword=${SENHA}' ]</msg>
<msg time="2025-07-05T18:29:09.187830" level="TRACE">Return: {'name': 'Thaís Amaral',
 'email': 'thais@yahoo.com',
 'password': 'pwd123',
 'confirmPassword': 'pwd123'}</msg>
<msg time="2025-07-05T18:29:09.188050" level="INFO">${usuario} = {'name': 'Thaís Amaral', 'email': 'thais@yahoo.com', 'password': 'pwd123', 'confirmPassword': 'pwd123'}</msg>
<var>${usuario}</var>
<arg>name=Thaís Amaral</arg>
<arg>email=${EMAIL}</arg>
<arg>password=${SENHA}</arg>
<arg>confirmPassword=${SENHA}</arg>
<doc>Creates and returns a dictionary based on the given ``items``.</doc>
<status status="PASS" start="2025-07-05T18:29:09.186984" elapsed="0.001119"/>
</kw>
<kw name="Ir Para Cadastro" owner="AuthPage">
<msg time="2025-07-05T18:29:09.194376" level="TRACE">Arguments: [  ]</msg>
<kw name="Wait For Elements State" owner="Browser">
<msg time="2025-07-05T18:29:09.195366" level="TRACE">Arguments: [ 'text=Cadastrar' | &lt;ElementState.visible: 4&gt; | timeout=datetime.timedelta(seconds=5) ]</msg>
<msg time="2025-07-05T18:29:09.329475" level="INFO">Waited for Element with selector text=Cadastrar at state visible</msg>
<msg time="2025-07-05T18:29:09.329711" level="TRACE">Return: None</msg>
<arg>text=Cadastrar</arg>
<arg>visible</arg>
<arg>timeout=5</arg>
<tag>PageContent</tag>
<tag>Wait</tag>
<doc>Waits for the element found by ``selector`` to satisfy state option.</doc>
<status status="PASS" start="2025-07-05T18:29:09.194606" elapsed="0.135206"/>
</kw>
<kw name="Click" owner="Browser">
<msg time="2025-07-05T18:29:09.331091" level="TRACE">Arguments: [ 'text=Cadastrar' ]</msg>
<msg time="2025-07-05T18:29:09.331263" level="INFO">Clicks the element 'text=Cadastrar'.</msg>
<msg time="2025-07-05T18:29:09.332517" level="DEBUG">Click options are: {"button": "left", "clickCount": 1, "force": false, "noWaitAfter": false, "trial": false}</msg>
<msg time="2025-07-05T18:29:09.687869" level="DEBUG">Clicked element: 'text=Cadastrar' with options: '{"button": "left", "clickCount": 1, "force": false, "noWaitAfter": false, "trial": false}' successfully.</msg>
<msg time="2025-07-05T18:29:09.688570" level="TRACE">Return: None</msg>
<arg>text=Cadastrar</arg>
<tag>PageContent</tag>
<tag>Setter</tag>
<doc>Simulates mouse click on the element found by ``selector``.</doc>
<status status="PASS" start="2025-07-05T18:29:09.330116" elapsed="0.358675"/>
</kw>
<msg time="2025-07-05T18:29:09.688962" level="TRACE">Return: None</msg>
<doc>Acessa a tela de cadastro a partir da página inicial</doc>
<status status="PASS" start="2025-07-05T18:29:09.193932" elapsed="0.495162"/>
</kw>
<kw name="Preencher Formulário Cadastro" owner="AuthPage">
<msg time="2025-07-05T18:29:09.704432" level="TRACE">Arguments: [ ${user}={'name': 'Thaís Amaral',
 'email': 'thais@yahoo.com',
 'password': 'pwd123',
 'confirmPassword': 'pwd123'} ]</msg>
<kw name="Fill Text" owner="Browser">
<msg time="2025-07-05T18:29:09.706028" level="TRACE">Arguments: [ 'id=name' | 'Thaís Amaral' ]</msg>
<msg time="2025-07-05T18:29:09.706262" level="INFO">Fills the text 'Thaís Amaral' in the given field.</msg>
<msg time="2025-07-05T18:29:09.742421" level="DEBUG">Fill text Thaís Amaral on id=name with force: false</msg>
<msg time="2025-07-05T18:29:09.742769" level="TRACE">Return: None</msg>
<arg>id=name</arg>
<arg>${user}[name]</arg>
<tag>PageContent</tag>
<tag>Setter</tag>
<doc>Clears and fills the given ``txt`` into the text field found by ``selector``.</doc>
<status status="PASS" start="2025-07-05T18:29:09.704835" elapsed="0.038055"/>
</kw>
<kw name="Fill Text" owner="Browser">
<msg time="2025-07-05T18:29:09.744615" level="TRACE">Arguments: [ 'id=email' | 'thais@yahoo.com' ]</msg>
<msg time="2025-07-05T18:29:09.744820" level="INFO">Fills the text 'thais@yahoo.com' in the given field.</msg>
<msg time="2025-07-05T18:29:09.797435" level="DEBUG">Fill text thais@yahoo.com on id=email with force: false</msg>
<msg time="2025-07-05T18:29:09.797651" level="TRACE">Return: None</msg>
<arg>id=email</arg>
<arg>${user}[email]</arg>
<tag>PageContent</tag>
<tag>Setter</tag>
<doc>Clears and fills the given ``txt`` into the text field found by ``selector``.</doc>
<status status="PASS" start="2025-07-05T18:29:09.743468" elapsed="0.054274"/>
</kw>
<kw name="Fill Text" owner="Browser">
<msg time="2025-07-05T18:29:09.798917" level="TRACE">Arguments: [ 'id=password' | 'pwd123' ]</msg>
<msg time="2025-07-05T18:29:09.799072" level="INFO">Fills the text 'pwd123' in the given field.</msg>
<msg time="2025-07-05T18:29:09.833825" level="DEBUG">Fill text pwd123 on id=password with force: false</msg>
<msg time="2025-07-05T18:29:09.834422" level="TRACE">Return: None</msg>
<arg>id=password</arg>
<arg>${user}[password]</arg>
<tag>PageContent</tag>
<tag>Setter</tag>
<doc>Clears and fills the given ``txt`` into the text field found by ``selector``.</doc>
<status status="PASS" start="2025-07-05T18:29:09.798003" elapsed="0.036551"/>
</kw>
<kw name="Fill Text" owner="Browser">
<msg time="2025-07-05T18:29:09.837141" level="TRACE">Arguments: [ 'id=confirmPassword' | 'pwd123' ]</msg>
<msg time="2025-07-05T18:29:09.837530" level="INFO">Fills the text 'pwd123' in the given field.</msg>
<msg time="2025-07-05T18:29:09.881130" level="DEBUG">Fill text pwd123 on id=confirmPassword with force: false</msg>
<msg time="2025-07-05T18:29:09.881376" level="TRACE">Return: None</msg>
<arg>id=confirmPassword</arg>
<arg>${user}[confirmPassword]</arg>
<tag>PageContent</tag>
<tag>Setter</tag>
<doc>Clears and fills the given ``txt`` into the text field found by ``selector``.</doc>
<status status="PASS" start="2025-07-05T18:29:09.835050" elapsed="0.046440"/>
</kw>
<kw name="Take Screenshot" owner="Browser">
<msg time="2025-07-05T18:29:09.882836" level="TRACE">Arguments: [ filename='auth_01_form_cadastro.png' ]</msg>
<msg time="2025-07-05T18:29:10.163343" level="DEBUG">Screenshot successfully captured to: C:\Users\thais\OneDrive\Documentos\Cinema APP vscode\robotfrontend\logs\browser\screenshot\auth_01_form_cadastro.png.png</msg>
<msg time="2025-07-05T18:29:10.163768" level="INFO" html="true">&lt;/td&gt;&lt;/tr&gt;&lt;tr&gt;&lt;td colspan="3"&gt;&lt;a href="browser/screenshot/auth_01_form_cadastro.png.png" target="_blank"&gt;&lt;img src="browser/screenshot/auth_01_form_cadastro.png.png" width="800px"/&gt;&lt;/a&gt;</msg>
<msg time="2025-07-05T18:29:10.163974" level="TRACE">Return: 'C:\\Users\\thais\\OneDrive\\Documentos\\Cinema APP vscode\\robotfrontend\\logs\\browser\\screenshot\\auth_01_form_cadastro.png.png'</msg>
<arg>filename=auth_01_form_cadastro.png</arg>
<tag>PageContent</tag>
<doc>Takes a screenshot of the current window or element and saves it to disk.</doc>
<status status="PASS" start="2025-07-05T18:29:09.881821" elapsed="0.282250"/>
</kw>
<msg time="2025-07-05T18:29:10.164217" level="TRACE">Return: None</msg>
<arg>${usuario}</arg>
<doc>Preenche os campos do formulário de cadastro com dados válidos ou inválidos</doc>
<status status="PASS" start="2025-07-05T18:29:09.703745" elapsed="0.460538"/>
</kw>
<kw name="Submeter Cadastro" owner="AuthPage">
<msg time="2025-07-05T18:29:10.165356" level="TRACE">Arguments: [  ]</msg>
<kw name="Click" owner="Browser">
<msg time="2025-07-05T18:29:10.166481" level="TRACE">Arguments: [ 'css=button[type=submit]' ]</msg>
<msg time="2025-07-05T18:29:10.166650" level="INFO">Clicks the element 'css=button[type=submit]'.</msg>
<msg time="2025-07-05T18:29:10.167777" level="DEBUG">Click options are: {"button": "left", "clickCount": 1, "force": false, "noWaitAfter": false, "trial": false}</msg>
<msg time="2025-07-05T18:29:10.237707" level="DEBUG">Clicked element: 'css=button[type=submit]' with options: '{"button": "left", "clickCount": 1, "force": false, "noWaitAfter": false, "trial": false}' successfully.</msg>
<msg time="2025-07-05T18:29:10.237926" level="TRACE">Return: None</msg>
<arg>css=button[type=submit]</arg>
<tag>PageContent</tag>
<tag>Setter</tag>
<doc>Simulates mouse click on the element found by ``selector``.</doc>
<status status="PASS" start="2025-07-05T18:29:10.165619" elapsed="0.072406"/>
</kw>
<kw name="Take Screenshot" owner="Browser">
<msg time="2025-07-05T18:29:10.239818" level="TRACE">Arguments: [ filename='auth_02_submit_cadastro.png' ]</msg>
<msg time="2025-07-05T18:29:10.571790" level="DEBUG">Screenshot successfully captured to: C:\Users\thais\OneDrive\Documentos\Cinema APP vscode\robotfrontend\logs\browser\screenshot\auth_02_submit_cadastro.png.png</msg>
<msg time="2025-07-05T18:29:10.572587" level="INFO" html="true">&lt;/td&gt;&lt;/tr&gt;&lt;tr&gt;&lt;td colspan="3"&gt;&lt;a href="browser/screenshot/auth_02_submit_cadastro.png.png" target="_blank"&gt;&lt;img src="browser/screenshot/auth_02_submit_cadastro.png.png" width="800px"/&gt;&lt;/a&gt;</msg>
<msg time="2025-07-05T18:29:10.572812" level="TRACE">Return: 'C:\\Users\\thais\\OneDrive\\Documentos\\Cinema APP vscode\\robotfrontend\\logs\\browser\\screenshot\\auth_02_submit_cadastro.png.png'</msg>
<arg>filename=auth_02_submit_cadastro.png</arg>
<tag>PageContent</tag>
<doc>Takes a screenshot of the current window or element and saves it to disk.</doc>
<status status="PASS" start="2025-07-05T18:29:10.238310" elapsed="0.334604"/>
</kw>
<msg time="2025-07-05T18:29:10.573048" level="TRACE">Return: None</msg>
<doc>Clica no botão para submeter o cadastro</doc>
<status status="PASS" start="2025-07-05T18:29:10.164773" elapsed="0.408339"/>
</kw>
<kw name="Wait For Elements State" owner="Browser">
<msg time="2025-07-05T18:29:10.574898" level="TRACE">Arguments: [ 'css=.alert-content' | &lt;ElementState.visible: 4&gt; | timeout=datetime.timedelta(seconds=5) ]</msg>
<msg time="2025-07-05T18:29:10.589496" level="INFO">Waited for Element with selector css=.alert-content at state visible</msg>
<msg time="2025-07-05T18:29:10.589714" level="TRACE">Return: None</msg>
<arg>css=.alert-content</arg>
<arg>visible</arg>
<arg>timeout=5</arg>
<tag>PageContent</tag>
<tag>Wait</tag>
<doc>Waits for the element found by ``selector`` to satisfy state option.</doc>
<status status="PASS" start="2025-07-05T18:29:10.573511" elapsed="0.016293"/>
</kw>
<kw name="Get Text" owner="Browser">
<msg time="2025-07-05T18:29:10.591775" level="TRACE">Arguments: [ 'css=.alert-content' ]</msg>
<msg time="2025-07-05T18:29:10.633099" level="DEBUG">Text received successfully.</msg>
<msg time="2025-07-05T18:29:10.633199" level="INFO">Text: 'User already exists'</msg>
<msg time="2025-07-05T18:29:10.633291" level="TRACE">Return: 'User already exists'</msg>
<msg time="2025-07-05T18:29:10.633418" level="INFO">${erro} = User already exists</msg>
<var>${erro}</var>
<arg>css=.alert-content</arg>
<tag>Assertion</tag>
<tag>Getter</tag>
<tag>PageContent</tag>
<doc>Returns text attribute of the element found by ``selector``.</doc>
<status status="PASS" start="2025-07-05T18:29:10.590508" elapsed="0.042954"/>
</kw>
<kw name="Should Be Equal As Strings" owner="BuiltIn">
<msg time="2025-07-05T18:29:10.634509" level="TRACE">Arguments: [ 'User already exists' | 'User already exists' ]</msg>
<msg time="2025-07-05T18:29:10.634653" level="DEBUG">Argument types are:
&lt;class 'str'&gt;
&lt;class 'str'&gt;</msg>
<msg time="2025-07-05T18:29:10.634717" level="TRACE">Return: None</msg>
<arg>${erro}</arg>
<arg>User already exists</arg>
<doc>Fails if objects are unequal after converting them to strings.</doc>
<status status="PASS" start="2025-07-05T18:29:10.633900" elapsed="0.000865"/>
</kw>
<kw name="Take Screenshot" owner="Browser">
<msg time="2025-07-05T18:29:10.636077" level="TRACE">Arguments: [ filename='CT-002_erro_usuario_existente.png' ]</msg>
<msg time="2025-07-05T18:29:10.837434" level="DEBUG">Screenshot successfully captured to: C:\Users\thais\OneDrive\Documentos\Cinema APP vscode\robotfrontend\logs\browser\screenshot\CT-002_erro_usuario_existente.png.png</msg>
<msg time="2025-07-05T18:29:10.838059" level="INFO" html="true">&lt;/td&gt;&lt;/tr&gt;&lt;tr&gt;&lt;td colspan="3"&gt;&lt;a href="browser/screenshot/CT-002_erro_usuario_existente.png.png" target="_blank"&gt;&lt;img src="browser/screenshot/CT-002_erro_usuario_existente.png.png" width="800px"/&gt;&lt;/a&gt;</msg>
<msg time="2025-07-05T18:29:10.838313" level="TRACE">Return: 'C:\\Users\\thais\\OneDrive\\Documentos\\Cinema APP vscode\\robotfrontend\\logs\\browser\\screenshot\\CT-002_erro_usuario_existente.png.png'</msg>
<arg>filename=CT-002_erro_usuario_existente.png</arg>
<tag>PageContent</tag>
<doc>Takes a screenshot of the current window or element and saves it to disk.</doc>
<status status="PASS" start="2025-07-05T18:29:10.635142" elapsed="0.203267"/>
</kw>
<kw name="Close Browser" owner="Browser">
<msg time="2025-07-05T18:29:10.840302" level="TRACE">Arguments: [  ]</msg>
<msg time="2025-07-05T18:29:11.415757" level="INFO">Closed browser</msg>
<msg time="2025-07-05T18:29:11.415951" level="TRACE">Return: None</msg>
<tag>BrowserControl</tag>
<tag>Setter</tag>
<doc>Closes the current browser.</doc>
<status status="PASS" start="2025-07-05T18:29:10.839170" elapsed="0.576865"/>
</kw>
<msg time="2025-07-05T18:29:11.420636" level="TRACE">Suppress error Error: Browser has been closed. when setting timeout.</msg>
<tag>CT-002</tag>
<tag>negative</tag>
<tag>regression</tag>
<status status="PASS" start="2025-07-05T18:29:07.160929" elapsed="4.256245"/>
</test>
<test id="s1-t3" name="Atualização de Nome no Perfil" line="76">
<kw name="Start Session" owner="base">
<msg time="2025-07-05T18:29:11.439046" level="TRACE">Arguments: [  ]</msg>
<kw name="New Browser" owner="Browser">
<msg time="2025-07-05T18:29:11.440502" level="TRACE">Arguments: [ browser=&lt;SupportedBrowsers.chromium: 1&gt; | headless=False ]</msg>
<msg time="2025-07-05T18:29:11.440998" level="INFO">{"browser": "chromium", "headless": false, "chromiumSandbox": false, "devtools": false, "handleSIGHUP": true, "handleSIGINT": true, "handleSIGTERM": true, "slowMo": 0.0, "timeout": 30000.0, "tracesDir": "C:\\Users\\thais\\OneDrive\\Documentos\\Cinema APP vscode\\robotfrontend\\logs\\browser\\traces\\temp\\6f951f5d-c36e-4c72-b8e4-14a92ac74e93"}</msg>
<msg time="2025-07-05T18:29:12.007347" level="INFO">Successfully created browser with options: {"browser":"chromium","headless":false,"chromiumSandbox":false,"devtools":false,"handleSIGHUP":true,"handleSIGINT":true,"handleSIGTERM":true,"slowMo":0,"timeout":30000,"tracesDir":"C:\\Users\\thais\\OneDrive\\Documentos\\Cinema APP vscode\\robotfrontend\\logs\\browser\\traces\\temp\\6f951f5d-c36e-4c72-b8e4-14a92ac74e93"}</msg>
<msg time="2025-07-05T18:29:12.007781" level="TRACE">Return: 'browser=e9847695-1129-471e-bbff-d22286d9cfb0'</msg>
<arg>browser=chromium</arg>
<arg>headless=${HEADLESS}</arg>
<tag>BrowserControl</tag>
<tag>Setter</tag>
<doc>Create a new playwright Browser with specified options.</doc>
<status status="PASS" start="2025-07-05T18:29:11.439338" elapsed="0.568607"/>
</kw>
<kw name="New Page" owner="Browser">
<msg time="2025-07-05T18:29:12.009996" level="TRACE">Arguments: [ 'http://localhost:3002/' ]</msg>
<msg time="2025-07-05T18:29:13.095851" level="INFO">Successfully initialized new page object and opened url: http://localhost:3002/</msg>
<msg time="2025-07-05T18:29:13.095972" level="INFO">No context was open. New context was automatically opened when this page is created.</msg>
<msg time="2025-07-05T18:29:13.096044" level="DEBUG">Video is not enabled.</msg>
<msg time="2025-07-05T18:29:13.096205" level="TRACE">Return: {'page_id': 'page=df0940d6-3370-46b7-90c0-6cb584da2b3f', 'video_path': ''}</msg>
<arg>http://localhost:3002/</arg>
<tag>BrowserControl</tag>
<tag>Setter</tag>
<doc>Open a new Page.</doc>
<status status="PASS" start="2025-07-05T18:29:12.008414" elapsed="1.087879"/>
</kw>
<msg time="2025-07-05T18:29:13.099732" level="TRACE">Return: None</msg>
<status status="PASS" start="2025-07-05T18:29:11.438052" elapsed="1.661787"/>
</kw>
<kw name="Ir Para Login" owner="AuthPage">
<msg time="2025-07-05T18:29:13.144111" level="TRACE">Arguments: [  ]</msg>
<kw name="Go To" owner="Browser">
<msg time="2025-07-05T18:29:13.146711" level="TRACE">Arguments: [ 'http://localhost:3002/login' ]</msg>
<msg time="2025-07-05T18:29:13.410176" level="INFO">Successfully opened URL http://localhost:3002/login</msg>
<msg time="2025-07-05T18:29:13.410417" level="TRACE">Return: 200</msg>
<arg>http://localhost:3002/login</arg>
<tag>BrowserControl</tag>
<tag>Setter</tag>
<doc>Navigates to the given ``url``.</doc>
<status status="PASS" start="2025-07-05T18:29:13.144457" elapsed="0.266078"/>
</kw>
<kw name="Wait For Elements State" owner="Browser">
<msg time="2025-07-05T18:29:13.411995" level="TRACE">Arguments: [ 'id=email' | &lt;ElementState.visible: 4&gt; | timeout=datetime.timedelta(seconds=5) ]</msg>
<msg time="2025-07-05T18:29:13.530489" level="INFO">Waited for Element with selector id=email at state visible</msg>
<msg time="2025-07-05T18:29:13.530726" level="TRACE">Return: None</msg>
<arg>id=email</arg>
<arg>visible</arg>
<arg>timeout=5</arg>
<tag>PageContent</tag>
<tag>Wait</tag>
<doc>Waits for the element found by ``selector`` to satisfy state option.</doc>
<status status="PASS" start="2025-07-05T18:29:13.410876" elapsed="0.119950"/>
</kw>
<msg time="2025-07-05T18:29:13.530987" level="TRACE">Return: None</msg>
<doc>Acessa diretamente a tela de login via URL</doc>
<status status="PASS" start="2025-07-05T18:29:13.142672" elapsed="0.388384"/>
</kw>
<kw name="Preencher Credenciais Login" owner="AuthPage">
<msg time="2025-07-05T18:29:13.541085" level="TRACE">Arguments: [ ${email}='thais@yahoo.com' | ${password}='pwd123' ]</msg>
<kw name="Wait For Elements State" owner="Browser">
<msg time="2025-07-05T18:29:13.542447" level="TRACE">Arguments: [ 'id=email' | &lt;ElementState.visible: 4&gt; | timeout=datetime.timedelta(seconds=5) ]</msg>
<msg time="2025-07-05T18:29:13.551613" level="INFO">Waited for Element with selector id=email at state visible</msg>
<msg time="2025-07-05T18:29:13.551961" level="TRACE">Return: None</msg>
<arg>id=email</arg>
<arg>visible</arg>
<arg>timeout=5</arg>
<tag>PageContent</tag>
<tag>Wait</tag>
<doc>Waits for the element found by ``selector`` to satisfy state option.</doc>
<status status="PASS" start="2025-07-05T18:29:13.541535" elapsed="0.010535"/>
</kw>
<kw name="Fill Text" owner="Browser">
<msg time="2025-07-05T18:29:13.553220" level="TRACE">Arguments: [ 'id=email' | 'thais@yahoo.com' ]</msg>
<msg time="2025-07-05T18:29:13.553457" level="INFO">Fills the text 'thais@yahoo.com' in the given field.</msg>
<msg time="2025-07-05T18:29:13.583504" level="DEBUG">Fill text thais@yahoo.com on id=email with force: false</msg>
<msg time="2025-07-05T18:29:13.583720" level="TRACE">Return: None</msg>
<arg>id=email</arg>
<arg>${email}</arg>
<tag>PageContent</tag>
<tag>Setter</tag>
<doc>Clears and fills the given ``txt`` into the text field found by ``selector``.</doc>
<status status="PASS" start="2025-07-05T18:29:13.552363" elapsed="0.031440"/>
</kw>
<kw name="Fill Text" owner="Browser">
<msg time="2025-07-05T18:29:13.585019" level="TRACE">Arguments: [ 'id=password' | 'pwd123' ]</msg>
<msg time="2025-07-05T18:29:13.585202" level="INFO">Fills the text 'pwd123' in the given field.</msg>
<msg time="2025-07-05T18:29:13.610671" level="DEBUG">Fill text pwd123 on id=password with force: false</msg>
<msg time="2025-07-05T18:29:13.610902" level="TRACE">Return: None</msg>
<arg>id=password</arg>
<arg>${password}</arg>
<tag>PageContent</tag>
<tag>Setter</tag>
<doc>Clears and fills the given ``txt`` into the text field found by ``selector``.</doc>
<status status="PASS" start="2025-07-05T18:29:13.584055" elapsed="0.026937"/>
</kw>
<kw name="Take Screenshot" owner="Browser">
<msg time="2025-07-05T18:29:13.612317" level="TRACE">Arguments: [ filename='auth_03_credenciais_login.png' ]</msg>
<msg time="2025-07-05T18:29:13.896484" level="DEBUG">Screenshot successfully captured to: C:\Users\thais\OneDrive\Documentos\Cinema APP vscode\robotfrontend\logs\browser\screenshot\auth_03_credenciais_login.png.png</msg>
<msg time="2025-07-05T18:29:13.897032" level="INFO" html="true">&lt;/td&gt;&lt;/tr&gt;&lt;tr&gt;&lt;td colspan="3"&gt;&lt;a href="browser/screenshot/auth_03_credenciais_login.png.png" target="_blank"&gt;&lt;img src="browser/screenshot/auth_03_credenciais_login.png.png" width="800px"/&gt;&lt;/a&gt;</msg>
<msg time="2025-07-05T18:29:13.897288" level="TRACE">Return: 'C:\\Users\\thais\\OneDrive\\Documentos\\Cinema APP vscode\\robotfrontend\\logs\\browser\\screenshot\\auth_03_credenciais_login.png.png'</msg>
<arg>filename=auth_03_credenciais_login.png</arg>
<tag>PageContent</tag>
<doc>Takes a screenshot of the current window or element and saves it to disk.</doc>
<status status="PASS" start="2025-07-05T18:29:13.611344" elapsed="0.286045"/>
</kw>
<msg time="2025-07-05T18:29:13.897535" level="TRACE">Return: None</msg>
<arg>${EMAIL}</arg>
<arg>${SENHA}</arg>
<doc>Preenche as credenciais no formulário de login</doc>
<status status="PASS" start="2025-07-05T18:29:13.540309" elapsed="0.357288"/>
</kw>
<kw name="Submeter Login" owner="AuthPage">
<msg time="2025-07-05T18:29:13.898917" level="TRACE">Arguments: [  ]</msg>
<kw name="Click" owner="Browser">
<msg time="2025-07-05T18:29:13.900275" level="TRACE">Arguments: [ 'css=.btn-primary.login-btn' ]</msg>
<msg time="2025-07-05T18:29:13.900479" level="INFO">Clicks the element 'css=.btn-primary.login-btn'.</msg>
<msg time="2025-07-05T18:29:13.901659" level="DEBUG">Click options are: {"button": "left", "clickCount": 1, "force": false, "noWaitAfter": false, "trial": false}</msg>
<msg time="2025-07-05T18:29:13.987184" level="DEBUG">Clicked element: 'css=.btn-primary.login-btn' with options: '{"button": "left", "clickCount": 1, "force": false, "noWaitAfter": false, "trial": false}' successfully.</msg>
<msg time="2025-07-05T18:29:13.987441" level="TRACE">Return: None</msg>
<arg>css=.btn-primary.login-btn</arg>
<tag>PageContent</tag>
<tag>Setter</tag>
<doc>Simulates mouse click on the element found by ``selector``.</doc>
<status status="PASS" start="2025-07-05T18:29:13.899222" elapsed="0.088326"/>
</kw>
<kw name="Wait For Elements State" owner="Browser">
<msg time="2025-07-05T18:29:13.988806" level="TRACE">Arguments: [ 'css=.alert-content &gt;&gt; text=Login realizado com sucesso!' | &lt;ElementState.visible: 4&gt; | timeout=datetime.timedelta(seconds=5) ]</msg>
<msg time="2025-07-05T18:29:14.214119" level="INFO">Waited for Element with selector css=.alert-content &gt;&gt; text=Login realizado com sucesso! at state visible</msg>
<msg time="2025-07-05T18:29:14.214359" level="TRACE">Return: None</msg>
<arg>css=.alert-content &gt;&gt; text=Login realizado com sucesso!</arg>
<arg>visible</arg>
<arg>timeout=5</arg>
<tag>PageContent</tag>
<tag>Wait</tag>
<doc>Waits for the element found by ``selector`` to satisfy state option.</doc>
<status status="PASS" start="2025-07-05T18:29:13.987844" elapsed="0.226617"/>
</kw>
<kw name="Take Screenshot" owner="Browser">
<msg time="2025-07-05T18:29:14.215820" level="TRACE">Arguments: [ filename='auth_04_login_sucesso.png' ]</msg>
<msg time="2025-07-05T18:29:14.655132" level="DEBUG">Screenshot successfully captured to: C:\Users\thais\OneDrive\Documentos\Cinema APP vscode\robotfrontend\logs\browser\screenshot\auth_04_login_sucesso.png.png</msg>
<msg time="2025-07-05T18:29:14.655587" level="INFO" html="true">&lt;/td&gt;&lt;/tr&gt;&lt;tr&gt;&lt;td colspan="3"&gt;&lt;a href="browser/screenshot/auth_04_login_sucesso.png.png" target="_blank"&gt;&lt;img src="browser/screenshot/auth_04_login_sucesso.png.png" width="800px"/&gt;&lt;/a&gt;</msg>
<msg time="2025-07-05T18:29:14.655801" level="TRACE">Return: 'C:\\Users\\thais\\OneDrive\\Documentos\\Cinema APP vscode\\robotfrontend\\logs\\browser\\screenshot\\auth_04_login_sucesso.png.png'</msg>
<arg>filename=auth_04_login_sucesso.png</arg>
<tag>PageContent</tag>
<doc>Takes a screenshot of the current window or element and saves it to disk.</doc>
<status status="PASS" start="2025-07-05T18:29:14.214812" elapsed="0.441091"/>
</kw>
<msg time="2025-07-05T18:29:14.656048" level="TRACE">Return: None</msg>
<doc>Submete o login esperando sucesso (casos positivos)</doc>
<status status="PASS" start="2025-07-05T18:29:13.898232" elapsed="0.757879"/>
</kw>
<kw name="Wait For Elements State" owner="Browser">
<msg time="2025-07-05T18:29:14.658433" level="TRACE">Arguments: [ 'css=.alert-content' | &lt;ElementState.visible: 4&gt; | timeout=datetime.timedelta(seconds=10) ]</msg>
<msg time="2025-07-05T18:29:14.680288" level="INFO">Waited for Element with selector css=.alert-content at state visible</msg>
<msg time="2025-07-05T18:29:14.680536" level="TRACE">Return: None</msg>
<arg>css=.alert-content</arg>
<arg>visible</arg>
<arg>timeout=10</arg>
<tag>PageContent</tag>
<tag>Wait</tag>
<doc>Waits for the element found by ``selector`` to satisfy state option.</doc>
<status status="PASS" start="2025-07-05T18:29:14.656598" elapsed="0.024043"/>
</kw>
<kw name="Get Text" owner="Browser">
<msg time="2025-07-05T18:29:14.685349" level="TRACE">Arguments: [ 'css=.alert-content' ]</msg>
<msg time="2025-07-05T18:29:14.722082" level="DEBUG">Text received successfully.</msg>
<msg time="2025-07-05T18:29:14.722199" level="INFO">Text: 'Login realizado com sucesso!'</msg>
<msg time="2025-07-05T18:29:14.722303" level="TRACE">Return: 'Login realizado com sucesso!'</msg>
<msg time="2025-07-05T18:29:14.722437" level="INFO">${msg_login_1} = Login realizado com sucesso!</msg>
<var>${msg_login_1}</var>
<arg>css=.alert-content</arg>
<tag>Assertion</tag>
<tag>Getter</tag>
<tag>PageContent</tag>
<doc>Returns text attribute of the element found by ``selector``.</doc>
<status status="PASS" start="2025-07-05T18:29:14.684243" elapsed="0.038232"/>
</kw>
<kw name="Should Be Equal As Strings" owner="BuiltIn">
<msg time="2025-07-05T18:29:14.733740" level="TRACE">Arguments: [ 'Login realizado com sucesso!' | 'Login realizado com sucesso!' ]</msg>
<msg time="2025-07-05T18:29:14.733922" level="DEBUG">Argument types are:
&lt;class 'str'&gt;
&lt;class 'str'&gt;</msg>
<msg time="2025-07-05T18:29:14.734014" level="TRACE">Return: None</msg>
<arg>${msg_login_1}</arg>
<arg>Login realizado com sucesso!</arg>
<doc>Fails if objects are unequal after converting them to strings.</doc>
<status status="PASS" start="2025-07-05T18:29:14.733125" elapsed="0.001106"/>
</kw>
<kw name="Acessar Página de Perfil" owner="ProfilePage">
<msg time="2025-07-05T18:29:14.747368" level="TRACE">Arguments: [  ]</msg>
<kw name="Wait For Elements State" owner="Browser">
<msg time="2025-07-05T18:29:14.748861" level="TRACE">Arguments: [ 'css=a[href="/profile"]' | &lt;ElementState.visible: 4&gt; | timeout=datetime.timedelta(seconds=5) ]</msg>
<msg time="2025-07-05T18:29:14.760877" level="INFO">Waited for Element with selector css=a[href="/profile"] at state visible</msg>
<msg time="2025-07-05T18:29:14.761129" level="TRACE">Return: None</msg>
<arg>css=a[href="/profile"]</arg>
<arg>visible</arg>
<arg>timeout=5</arg>
<tag>PageContent</tag>
<tag>Wait</tag>
<doc>Waits for the element found by ``selector`` to satisfy state option.</doc>
<status status="PASS" start="2025-07-05T18:29:14.747803" elapsed="0.013437"/>
</kw>
<kw name="Click" owner="Browser">
<msg time="2025-07-05T18:29:14.762479" level="TRACE">Arguments: [ 'css=a[href="/profile"]' ]</msg>
<msg time="2025-07-05T18:29:14.762648" level="INFO">Clicks the element 'css=a[href="/profile"]'.</msg>
<msg time="2025-07-05T18:29:14.763748" level="DEBUG">Click options are: {"button": "left", "clickCount": 1, "force": false, "noWaitAfter": false, "trial": false}</msg>
<msg time="2025-07-05T18:29:14.894428" level="DEBUG">Clicked element: 'css=a[href="/profile"]' with options: '{"button": "left", "clickCount": 1, "force": false, "noWaitAfter": false, "trial": false}' successfully.</msg>
<msg time="2025-07-05T18:29:14.894728" level="TRACE">Return: None</msg>
<arg>css=a[href="/profile"]</arg>
<tag>PageContent</tag>
<tag>Setter</tag>
<doc>Simulates mouse click on the element found by ``selector``.</doc>
<status status="PASS" start="2025-07-05T18:29:14.761543" elapsed="0.133346"/>
</kw>
<kw name="Wait For Elements State" owner="Browser">
<msg time="2025-07-05T18:29:14.896452" level="TRACE">Arguments: [ 'id=name' | &lt;ElementState.visible: 4&gt; | timeout=datetime.timedelta(seconds=5) ]</msg>
<msg time="2025-07-05T18:29:14.909595" level="INFO">Waited for Element with selector id=name at state visible</msg>
<msg time="2025-07-05T18:29:14.909853" level="TRACE">Return: None</msg>
<arg>id=name</arg>
<arg>visible</arg>
<arg>timeout=5</arg>
<tag>PageContent</tag>
<tag>Wait</tag>
<doc>Waits for the element found by ``selector`` to satisfy state option.</doc>
<status status="PASS" start="2025-07-05T18:29:14.895245" elapsed="0.014725"/>
</kw>
<kw name="Take Screenshot" owner="Browser">
<msg time="2025-07-05T18:29:14.911368" level="TRACE">Arguments: [ filename='perfil_01_tela_perfil_aberta.png' ]</msg>
<msg time="2025-07-05T18:29:15.139036" level="DEBUG">Screenshot successfully captured to: C:\Users\thais\OneDrive\Documentos\Cinema APP vscode\robotfrontend\logs\browser\screenshot\perfil_01_tela_perfil_aberta.png.png</msg>
<msg time="2025-07-05T18:29:15.139597" level="INFO" html="true">&lt;/td&gt;&lt;/tr&gt;&lt;tr&gt;&lt;td colspan="3"&gt;&lt;a href="browser/screenshot/perfil_01_tela_perfil_aberta.png.png" target="_blank"&gt;&lt;img src="browser/screenshot/perfil_01_tela_perfil_aberta.png.png" width="800px"/&gt;&lt;/a&gt;</msg>
<msg time="2025-07-05T18:29:15.139847" level="TRACE">Return: 'C:\\Users\\thais\\OneDrive\\Documentos\\Cinema APP vscode\\robotfrontend\\logs\\browser\\screenshot\\perfil_01_tela_perfil_aberta.png.png'</msg>
<arg>filename=perfil_01_tela_perfil_aberta.png</arg>
<tag>PageContent</tag>
<doc>Takes a screenshot of the current window or element and saves it to disk.</doc>
<status status="PASS" start="2025-07-05T18:29:14.910302" elapsed="0.229649"/>
</kw>
<msg time="2025-07-05T18:29:15.140113" level="TRACE">Return: None</msg>
<doc>Navega até a página de perfil do usuário.</doc>
<status status="PASS" start="2025-07-05T18:29:14.746747" elapsed="0.393445"/>
</kw>
<kw name="Editar Nome do Usuário" owner="ProfilePage">
<msg time="2025-07-05T18:29:15.146998" level="TRACE">Arguments: [ ${novo_nome}='Thaís QA Amaral' ]</msg>
<kw name="Fill Text" owner="Browser">
<msg time="2025-07-05T18:29:15.149148" level="TRACE">Arguments: [ 'id=name' | 'Thaís QA Amaral' ]</msg>
<msg time="2025-07-05T18:29:15.149341" level="INFO">Fills the text 'Thaís QA Amaral' in the given field.</msg>
<msg time="2025-07-05T18:29:15.183660" level="DEBUG">Fill text Thaís QA Amaral on id=name with force: false</msg>
<msg time="2025-07-05T18:29:15.183928" level="TRACE">Return: None</msg>
<arg>id=name</arg>
<arg>${novo_nome}</arg>
<tag>PageContent</tag>
<tag>Setter</tag>
<doc>Clears and fills the given ``txt`` into the text field found by ``selector``.</doc>
<status status="PASS" start="2025-07-05T18:29:15.147523" elapsed="0.036517"/>
</kw>
<kw name="Take Screenshot" owner="Browser">
<msg time="2025-07-05T18:29:15.185546" level="TRACE">Arguments: [ filename='perfil_02_nome_alterado.png' ]</msg>
<msg time="2025-07-05T18:29:15.353769" level="DEBUG">Screenshot successfully captured to: C:\Users\thais\OneDrive\Documentos\Cinema APP vscode\robotfrontend\logs\browser\screenshot\perfil_02_nome_alterado.png.png</msg>
<msg time="2025-07-05T18:29:15.354208" level="INFO" html="true">&lt;/td&gt;&lt;/tr&gt;&lt;tr&gt;&lt;td colspan="3"&gt;&lt;a href="browser/screenshot/perfil_02_nome_alterado.png.png" target="_blank"&gt;&lt;img src="browser/screenshot/perfil_02_nome_alterado.png.png" width="800px"/&gt;&lt;/a&gt;</msg>
<msg time="2025-07-05T18:29:15.354473" level="TRACE">Return: 'C:\\Users\\thais\\OneDrive\\Documentos\\Cinema APP vscode\\robotfrontend\\logs\\browser\\screenshot\\perfil_02_nome_alterado.png.png'</msg>
<arg>filename=perfil_02_nome_alterado.png</arg>
<tag>PageContent</tag>
<doc>Takes a screenshot of the current window or element and saves it to disk.</doc>
<status status="PASS" start="2025-07-05T18:29:15.184339" elapsed="0.170240"/>
</kw>
<msg time="2025-07-05T18:29:15.354731" level="TRACE">Return: None</msg>
<arg>Thaís QA Amaral</arg>
<doc>Altera o campo "Nome Completo" para um novo valor.</doc>
<status status="PASS" start="2025-07-05T18:29:15.146290" elapsed="0.208508"/>
</kw>
<kw name="Validar Mensagem de Campo Alterado" owner="ProfilePage">
<msg time="2025-07-05T18:29:15.356998" level="TRACE">Arguments: [  ]</msg>
<kw name="Wait For Elements State" owner="Browser">
<msg time="2025-07-05T18:29:15.359296" level="TRACE">Arguments: [ 'css=.changed-field' | &lt;ElementState.visible: 4&gt; | timeout=datetime.timedelta(seconds=5) ]</msg>
<msg time="2025-07-05T18:29:15.368876" level="INFO">Waited for Element with selector css=.changed-field at state visible</msg>
<msg time="2025-07-05T18:29:15.369114" level="TRACE">Return: None</msg>
<arg>css=.changed-field</arg>
<arg>visible</arg>
<arg>timeout=5</arg>
<tag>PageContent</tag>
<tag>Wait</tag>
<doc>Waits for the element found by ``selector`` to satisfy state option.</doc>
<status status="PASS" start="2025-07-05T18:29:15.357620" elapsed="0.011589"/>
</kw>
<kw name="Get Text" owner="Browser">
<msg time="2025-07-05T18:29:15.370509" level="TRACE">Arguments: [ 'css=.changed-field' ]</msg>
<msg time="2025-07-05T18:29:15.396226" level="DEBUG">Text received successfully.</msg>
<msg time="2025-07-05T18:29:15.396340" level="INFO">Text: 'Campo alterado. Clique em Salvar para confirmar.'</msg>
[...]
<msg time="2025-07-05T18:29:24.661794" level="TRACE">Return: None</msg>
<arg>css=.btn-logout</arg>
<arg>visible</arg>
<arg>timeout=5</arg>
<tag>PageContent</tag>
<tag>Wait</tag>
<doc>Waits for the element found by ``selector`` to satisfy state option.</doc>
<status status="PASS" start="2025-07-05T18:29:24.650237" elapsed="0.011660"/>
</kw>
<kw name="Click" owner="Browser">
<msg time="2025-07-05T18:29:24.662975" level="TRACE">Arguments: [ 'css=.btn-logout' ]</msg>
<msg time="2025-07-05T18:29:24.663155" level="INFO">Clicks the element 'css=.btn-logout'.</msg>
<msg time="2025-07-05T18:29:24.664425" level="DEBUG">Click options are: {"button": "left", "clickCount": 1, "force": false, "noWaitAfter": false, "trial": false}</msg>
<msg time="2025-07-05T18:29:24.726081" level="DEBUG">Clicked element: 'css=.btn-logout' with options: '{"button": "left", "clickCount": 1, "force": false, "noWaitAfter": false, "trial": false}' successfully.</msg>
<msg time="2025-07-05T18:29:24.726352" level="TRACE">Return: None</msg>
<arg>css=.btn-logout</arg>
<tag>PageContent</tag>
<tag>Setter</tag>
<doc>Simulates mouse click on the element found by ``selector``.</doc>
<status status="PASS" start="2025-07-05T18:29:24.662173" elapsed="0.064304"/>
</kw>
<kw name="Wait For Elements State" owner="Browser">
<msg time="2025-07-05T18:29:24.727936" level="TRACE">Arguments: [ 'text=Entrar' | &lt;ElementState.visible: 4&gt; | timeout=datetime.timedelta(seconds=5) ]</msg>
<msg time="2025-07-05T18:29:24.798880" level="INFO">Waited for Element with selector text=Entrar at state visible</msg>
<msg time="2025-07-05T18:29:24.799384" level="TRACE">Return: None</msg>
<arg>text=Entrar</arg>
<arg>visible</arg>
<arg>timeout=5</arg>
<tag>PageContent</tag>
<tag>Wait</tag>
<doc>Waits for the element found by ``selector`` to satisfy state option.</doc>
<status status="PASS" start="2025-07-05T18:29:24.726810" elapsed="0.072892"/>
</kw>
<kw name="Take Screenshot" owner="Browser">
<msg time="2025-07-05T18:29:24.801217" level="TRACE">Arguments: [ filename='auth_06_logout_final.png' ]</msg>
<msg time="2025-07-05T18:29:25.000928" level="DEBUG">Screenshot successfully captured to: C:\Users\thais\OneDrive\Documentos\Cinema APP vscode\robotfrontend\logs\browser\screenshot\auth_06_logout_final.png.png</msg>
<msg time="2025-07-05T18:29:25.001346" level="INFO" html="true">&lt;/td&gt;&lt;/tr&gt;&lt;tr&gt;&lt;td colspan="3"&gt;&lt;a href="browser/screenshot/auth_06_logout_final.png.png" target="_blank"&gt;&lt;img src="browser/screenshot/auth_06_logout_final.png.png" width="800px"/&gt;&lt;/a&gt;</msg>
<msg time="2025-07-05T18:29:25.001565" level="TRACE">Return: 'C:\\Users\\thais\\OneDrive\\Documentos\\Cinema APP vscode\\robotfrontend\\logs\\browser\\screenshot\\auth_06_logout_final.png.png'</msg>
<arg>filename=auth_06_logout_final.png</arg>
<tag>PageContent</tag>
<doc>Takes a screenshot of the current window or element and saves it to disk.</doc>
<status status="PASS" start="2025-07-05T18:29:24.800250" elapsed="0.201405"/>
</kw>
<msg time="2025-07-05T18:29:25.001797" level="TRACE">Return: None</msg>
<doc>Realiza logout ao final do teste garantindo retorno à tela inicial</doc>
<status status="PASS" start="2025-07-05T18:29:24.649164" elapsed="0.352691"/>
</kw>
<kw name="Close Browser" owner="Browser">
<msg time="2025-07-05T18:29:25.004921" level="TRACE">Arguments: [  ]</msg>
<msg time="2025-07-05T18:29:27.301053" level="INFO">Closed browser</msg>
<msg time="2025-07-05T18:29:27.301429" level="TRACE">Return: None</msg>
<tag>BrowserControl</tag>
<tag>Setter</tag>
<doc>Closes the current browser.</doc>
<status status="PASS" start="2025-07-05T18:29:25.004059" elapsed="2.297494"/>
</kw>
<msg time="2025-07-05T18:29:27.306099" level="TRACE">Suppress error Error: Browser has been closed. when setting timeout.</msg>
<tag>CT-004</tag>
<tag>profile</tag>
<tag>regression</tag>
<status status="PASS" start="2025-07-05T18:29:11.430486" elapsed="15.871656"/>
</test>
<test id="s1-t4" name="Não Cadastrar com Senha Fraca" line="116">
<kw name="Start Session" owner="base">
<msg time="2025-07-05T18:29:27.316977" level="TRACE">Arguments: [  ]</msg>
<kw name="New Browser" owner="Browser">
<msg time="2025-07-05T18:29:27.318374" level="TRACE">Arguments: [ browser=&lt;SupportedBrowsers.chromium: 1&gt; | headless=False ]</msg>
<msg time="2025-07-05T18:29:27.319056" level="INFO">{"browser": "chromium", "headless": false, "chromiumSandbox": false, "devtools": false, "handleSIGHUP": true, "handleSIGINT": true, "handleSIGTERM": true, "slowMo": 0.0, "timeout": 30000.0, "tracesDir": "C:\\Users\\thais\\OneDrive\\Documentos\\Cinema APP vscode\\robotfrontend\\logs\\browser\\traces\\temp\\59d792ec-92c8-49ad-86c5-e58c740f485f"}</msg>
<msg time="2025-07-05T18:29:27.827575" level="INFO">Successfully created browser with options: {"browser":"chromium","headless":false,"chromiumSandbox":false,"devtools":false,"handleSIGHUP":true,"handleSIGINT":true,"handleSIGTERM":true,"slowMo":0,"timeout":30000,"tracesDir":"C:\\Users\\thais\\OneDrive\\Documentos\\Cinema APP vscode\\robotfrontend\\logs\\browser\\traces\\temp\\59d792ec-92c8-49ad-86c5-e58c740f485f"}</msg>
<msg time="2025-07-05T18:29:27.827840" level="TRACE">Return: 'browser=8e22d61f-aa4f-4330-bc53-6b853af90b76'</msg>
<arg>browser=chromium</arg>
<arg>headless=${HEADLESS}</arg>
<tag>BrowserControl</tag>
<tag>Setter</tag>
<doc>Create a new playwright Browser with specified options.</doc>
<status status="PASS" start="2025-07-05T18:29:27.317244" elapsed="0.510803"/>
</kw>
<kw name="New Page" owner="Browser">
<msg time="2025-07-05T18:29:27.829299" level="TRACE">Arguments: [ 'http://localhost:3002/' ]</msg>
<msg time="2025-07-05T18:29:29.380775" level="INFO">Successfully initialized new page object and opened url: http://localhost:3002/</msg>
<msg time="2025-07-05T18:29:29.380901" level="INFO">No context was open. New context was automatically opened when this page is created.</msg>
<msg time="2025-07-05T18:29:29.380969" level="DEBUG">Video is not enabled.</msg>
<msg time="2025-07-05T18:29:29.381171" level="TRACE">Return: {'page_id': 'page=35ec77f1-4327-4467-b76e-d48db0791628', 'video_path': ''}</msg>
<arg>http://localhost:3002/</arg>
<tag>BrowserControl</tag>
<tag>Setter</tag>
<doc>Open a new Page.</doc>
<status status="PASS" start="2025-07-05T18:29:27.828436" elapsed="1.552842"/>
</kw>
<msg time="2025-07-05T18:29:29.381443" level="TRACE">Return: None</msg>
<status status="PASS" start="2025-07-05T18:29:27.316282" elapsed="2.065227"/>
</kw>
<kw name="Create Dictionary" owner="BuiltIn">
<msg time="2025-07-05T18:29:29.382552" level="TRACE">Arguments: [ 'name=Usuário Senha Fraca' | 'email=senha@fraca.com' | 'password=123' | 'confirmPassword=123' ]</msg>
<msg time="2025-07-05T18:29:29.382961" level="TRACE">Return: {'name': 'Usuário Senha Fraca',
 'email': 'senha@fraca.com',
 'password': '123',
 'confirmPassword': '123'}</msg>
<msg time="2025-07-05T18:29:29.383258" level="INFO">${usuario} = {'name': 'Usuário Senha Fraca', 'email': 'senha@fraca.com', 'password': '123', 'confirmPassword': '123'}</msg>
<var>${usuario}</var>
<arg>name=Usuário Senha Fraca</arg>
<arg>email=senha@fraca.com</arg>
<arg>password=123</arg>
<arg>confirmPassword=123</arg>
<doc>Creates and returns a dictionary based on the given ``items``.</doc>
<status status="PASS" start="2025-07-05T18:29:29.381952" elapsed="0.001397"/>
</kw>
<kw name="Ir Para Cadastro" owner="AuthPage">
<msg time="2025-07-05T18:29:29.384682" level="TRACE">Arguments: [  ]</msg>
<kw name="Wait For Elements State" owner="Browser">
<msg time="2025-07-05T18:29:29.385927" level="TRACE">Arguments: [ 'text=Cadastrar' | &lt;ElementState.visible: 4&gt; | timeout=datetime.timedelta(seconds=5) ]</msg>
<msg time="2025-07-05T18:29:29.602138" level="INFO">Waited for Element with selector text=Cadastrar at state visible</msg>
<msg time="2025-07-05T18:29:29.602536" level="TRACE">Return: None</msg>
<arg>text=Cadastrar</arg>
<arg>visible</arg>
<arg>timeout=5</arg>
<tag>PageContent</tag>
<tag>Wait</tag>
<doc>Waits for the element found by ``selector`` to satisfy state option.</doc>
<status status="PASS" start="2025-07-05T18:29:29.384983" elapsed="0.217918"/>
</kw>
<kw name="Click" owner="Browser">
<msg time="2025-07-05T18:29:29.604252" level="TRACE">Arguments: [ 'text=Cadastrar' ]</msg>
<msg time="2025-07-05T18:29:29.604408" level="INFO">Clicks the element 'text=Cadastrar'.</msg>
<msg time="2025-07-05T18:29:29.605541" level="DEBUG">Click options are: {"button": "left", "clickCount": 1, "force": false, "noWaitAfter": false, "trial": false}</msg>
<msg time="2025-07-05T18:29:29.961847" level="DEBUG">Clicked element: 'text=Cadastrar' with options: '{"button": "left", "clickCount": 1, "force": false, "noWaitAfter": false, "trial": false}' successfully.</msg>
<msg time="2025-07-05T18:29:29.962542" level="TRACE">Return: None</msg>
<arg>text=Cadastrar</arg>
<tag>PageContent</tag>
<tag>Setter</tag>
<doc>Simulates mouse click on the element found by ``selector``.</doc>
<status status="PASS" start="2025-07-05T18:29:29.603245" elapsed="0.359590"/>
</kw>
<msg time="2025-07-05T18:29:29.963136" level="TRACE">Return: None</msg>
<doc>Acessa a tela de cadastro a partir da página inicial</doc>
<status status="PASS" start="2025-07-05T18:29:29.384036" elapsed="0.579218"/>
</kw>
<kw name="Preencher Formulário Cadastro" owner="AuthPage">
<msg time="2025-07-05T18:29:30.040055" level="TRACE">Arguments: [ ${user}={'name': 'Usuário Senha Fraca',
 'email': 'senha@fraca.com',
 'password': '123',
 'confirmPassword': '123'} ]</msg>
<kw name="Fill Text" owner="Browser">
<msg time="2025-07-05T18:29:30.041345" level="TRACE">Arguments: [ 'id=name' | 'Usuário Senha Fraca' ]</msg>
<msg time="2025-07-05T18:29:30.041530" level="INFO">Fills the text 'Usuário Senha Fraca' in the given field.</msg>
<msg time="2025-07-05T18:29:30.081935" level="DEBUG">Fill text Usuário Senha Fraca on id=name with force: false</msg>
<msg time="2025-07-05T18:29:30.082237" level="TRACE">Return: None</msg>
<arg>id=name</arg>
<arg>${user}[name]</arg>
<tag>PageContent</tag>
<tag>Setter</tag>
<doc>Clears and fills the given ``txt`` into the text field found by ``selector``.</doc>
<status status="PASS" start="2025-07-05T18:29:30.040438" elapsed="0.042063"/>
</kw>
<kw name="Fill Text" owner="Browser">
<msg time="2025-07-05T18:29:30.084600" level="TRACE">Arguments: [ 'id=email' | 'senha@fraca.com' ]</msg>
<msg time="2025-07-05T18:29:30.085208" level="INFO">Fills the text 'senha@fraca.com' in the given field.</msg>
<msg time="2025-07-05T18:29:30.145530" level="DEBUG">Fill text senha@fraca.com on id=email with force: false</msg>
<msg time="2025-07-05T18:29:30.145832" level="TRACE">Return: None</msg>
<arg>id=email</arg>
<arg>${user}[email]</arg>
<tag>PageContent</tag>
<tag>Setter</tag>
<doc>Clears and fills the given ``txt`` into the text field found by ``selector``.</doc>
<status status="PASS" start="2025-07-05T18:29:30.082817" elapsed="0.063167"/>
</kw>
<kw name="Fill Text" owner="Browser">
<msg time="2025-07-05T18:29:30.147976" level="TRACE">Arguments: [ 'id=password' | '123' ]</msg>
<msg time="2025-07-05T18:29:30.148315" level="INFO">Fills the text '123' in the given field.</msg>
<msg time="2025-07-05T18:29:30.180017" level="DEBUG">Fill text 123 on id=password with force: false</msg>
<msg time="2025-07-05T18:29:30.180294" level="TRACE">Return: None</msg>
<arg>id=password</arg>
<arg>${user}[password]</arg>
<tag>PageContent</tag>
<tag>Setter</tag>
<doc>Clears and fills the given ``txt`` into the text field found by ``selector``.</doc>
<status status="PASS" start="2025-07-05T18:29:30.146598" elapsed="0.033809"/>
</kw>
<kw name="Fill Text" owner="Browser">
<msg time="2025-07-05T18:29:30.181595" level="TRACE">Arguments: [ 'id=confirmPassword' | '123' ]</msg>
<msg time="2025-07-05T18:29:30.181783" level="INFO">Fills the text '123' in the given field.</msg>
<msg time="2025-07-05T18:29:30.206082" level="DEBUG">Fill text 123 on id=confirmPassword with force: false</msg>
<msg time="2025-07-05T18:29:30.206399" level="TRACE">Return: None</msg>
<arg>id=confirmPassword</arg>
<arg>${user}[confirmPassword]</arg>
<tag>PageContent</tag>
<tag>Setter</tag>
<doc>Clears and fills the given ``txt`` into the text field found by ``selector``.</doc>
<status status="PASS" start="2025-07-05T18:29:30.180690" elapsed="0.025812"/>
</kw>
<kw name="Take Screenshot" owner="Browser">
<msg time="2025-07-05T18:29:30.207765" level="TRACE">Arguments: [ filename='auth_01_form_cadastro.png' ]</msg>
<msg time="2025-07-05T18:29:30.420265" level="DEBUG">Screenshot successfully captured to: C:\Users\thais\OneDrive\Documentos\Cinema APP vscode\robotfrontend\logs\browser\screenshot\auth_01_form_cadastro.png.png</msg>
<msg time="2025-07-05T18:29:30.420734" level="INFO" html="true">&lt;/td&gt;&lt;/tr&gt;&lt;tr&gt;&lt;td colspan="3"&gt;&lt;a href="browser/screenshot/auth_01_form_cadastro.png.png" target="_blank"&gt;&lt;img src="browser/screenshot/auth_01_form_cadastro.png.png" width="800px"/&gt;&lt;/a&gt;</msg>
<msg time="2025-07-05T18:29:30.421000" level="TRACE">Return: 'C:\\Users\\thais\\OneDrive\\Documentos\\Cinema APP vscode\\robotfrontend\\logs\\browser\\screenshot\\auth_01_form_cadastro.png.png'</msg>
<arg>filename=auth_01_form_cadastro.png</arg>
<tag>PageContent</tag>
<doc>Takes a screenshot of the current window or element and saves it to disk.</doc>
<status status="PASS" start="2025-07-05T18:29:30.206863" elapsed="0.214247"/>
</kw>
<msg time="2025-07-05T18:29:30.421262" level="TRACE">Return: None</msg>
<arg>${usuario}</arg>
<doc>Preenche os campos do formulário de cadastro com dados válidos ou inválidos</doc>
<status status="PASS" start="2025-07-05T18:29:30.036271" elapsed="0.385055"/>
</kw>
<kw name="Submeter Cadastro" owner="AuthPage">
<msg time="2025-07-05T18:29:30.422498" level="TRACE">Arguments: [  ]</msg>
<kw name="Click" owner="Browser">
<msg time="2025-07-05T18:29:30.423787" level="TRACE">Arguments: [ 'css=button[type=submit]' ]</msg>
<msg time="2025-07-05T18:29:30.423974" level="INFO">Clicks the element 'css=button[type=submit]'.</msg>
<msg time="2025-07-05T18:29:30.425533" level="DEBUG">Click options are: {"button": "left", "clickCount": 1, "force": false, "noWaitAfter": false, "trial": false}</msg>
<msg time="2025-07-05T18:29:30.490230" level="DEBUG">Clicked element: 'css=button[type=submit]' with options: '{"button": "left", "clickCount": 1, "force": false, "noWaitAfter": false, "trial": false}' successfully.</msg>
<msg time="2025-07-05T18:29:30.490482" level="TRACE">Return: None</msg>
<arg>css=button[type=submit]</arg>
<tag>PageContent</tag>
<tag>Setter</tag>
<doc>Simulates mouse click on the element found by ``selector``.</doc>
<status status="PASS" start="2025-07-05T18:29:30.422791" elapsed="0.067797"/>
</kw>
<kw name="Take Screenshot" owner="Browser">
<msg time="2025-07-05T18:29:30.492303" level="TRACE">Arguments: [ filename='auth_02_submit_cadastro.png' ]</msg>
<msg time="2025-07-05T18:29:30.798874" level="DEBUG">Screenshot successfully captured to: C:\Users\thais\OneDrive\Documentos\Cinema APP vscode\robotfrontend\logs\browser\screenshot\auth_02_submit_cadastro.png.png</msg>
<msg time="2025-07-05T18:29:30.799432" level="INFO" html="true">&lt;/td&gt;&lt;/tr&gt;&lt;tr&gt;&lt;td colspan="3"&gt;&lt;a href="browser/screenshot/auth_02_submit_cadastro.png.png" target="_blank"&gt;&lt;img src="browser/screenshot/auth_02_submit_cadastro.png.png" width="800px"/&gt;&lt;/a&gt;</msg>
<msg time="2025-07-05T18:29:30.799692" level="TRACE">Return: 'C:\\Users\\thais\\OneDrive\\Documentos\\Cinema APP vscode\\robotfrontend\\logs\\browser\\screenshot\\auth_02_submit_cadastro.png.png'</msg>
<arg>filename=auth_02_submit_cadastro.png</arg>
<tag>PageContent</tag>
<doc>Takes a screenshot of the current window or element and saves it to disk.</doc>
<status status="PASS" start="2025-07-05T18:29:30.490895" elapsed="0.308907"/>
</kw>
<msg time="2025-07-05T18:29:30.799963" level="TRACE">Return: None</msg>
<doc>Clica no botão para submeter o cadastro</doc>
<status status="PASS" start="2025-07-05T18:29:30.421841" elapsed="0.378211"/>
</kw>
<kw name="Validar Alerta de Erro" owner="common">
<msg time="2025-07-05T18:29:30.806111" level="TRACE">Arguments: [ ${mensagem_esperada}='Validation failed' ]</msg>
<kw name="Wait For Elements State" owner="Browser">
<msg time="2025-07-05T18:29:30.807926" level="TRACE">Arguments: [ 'css=.alert-content' | &lt;ElementState.visible: 4&gt; | timeout=datetime.timedelta(seconds=5) ]</msg>
<msg time="2025-07-05T18:29:30.820344" level="INFO">Waited for Element with selector css=.alert-content at state visible</msg>
<msg time="2025-07-05T18:29:30.820611" level="TRACE">Return: None</msg>
<arg>css=.alert-content</arg>
<arg>visible</arg>
<arg>timeout=5</arg>
<tag>PageContent</tag>
<tag>Wait</tag>
<doc>Waits for the element found by ``selector`` to satisfy state option.</doc>
<status status="PASS" start="2025-07-05T18:29:30.806522" elapsed="0.014194"/>
</kw>
<kw name="Get Text" owner="Browser">
<msg time="2025-07-05T18:29:30.822004" level="TRACE">Arguments: [ 'css=.alert-content' ]</msg>
<msg time="2025-07-05T18:29:30.860199" level="DEBUG">Text received successfully.</msg>
<msg time="2025-07-05T18:29:30.860440" level="INFO">Text: 'Validation failed'</msg>
<msg time="2025-07-05T18:29:30.860627" level="TRACE">Return: 'Validation failed'</msg>
<msg time="2025-07-05T18:29:30.860803" level="INFO">${mensagem} = Validation failed</msg>
<var>${mensagem}</var>
<arg>css=.alert-content</arg>
<tag>Assertion</tag>
<tag>Getter</tag>
<tag>PageContent</tag>
<doc>Returns text attribute of the element found by ``selector``.</doc>
<status status="PASS" start="2025-07-05T18:29:30.821040" elapsed="0.039824"/>
</kw>
<kw name="Should Be Equal As Strings" owner="BuiltIn">
<msg time="2025-07-05T18:29:30.862176" level="TRACE">Arguments: [ 'Validation failed' | 'Validation failed' ]</msg>
<msg time="2025-07-05T18:29:30.862530" level="DEBUG">Argument types are:
&lt;class 'str'&gt;
&lt;class 'str'&gt;</msg>
<msg time="2025-07-05T18:29:30.862635" level="TRACE">Return: None</msg>
<arg>${mensagem}</arg>
<arg>${mensagem_esperada}</arg>
<doc>Fails if objects are unequal after converting them to strings.</doc>
<status status="PASS" start="2025-07-05T18:29:30.861222" elapsed="0.001484"/>
</kw>
<msg time="2025-07-05T18:29:30.862942" level="TRACE">Return: None</msg>
<arg>Validation failed</arg>
<status status="PASS" start="2025-07-05T18:29:30.805382" elapsed="0.057627"/>
</kw>
<kw name="Close Browser" owner="Browser">
<msg time="2025-07-05T18:29:30.864446" level="TRACE">Arguments: [  ]</msg>
<msg time="2025-07-05T18:29:31.300449" level="INFO">Closed browser</msg>
<msg time="2025-07-05T18:29:31.300700" level="TRACE">Return: None</msg>
<tag>BrowserControl</tag>
<tag>Setter</tag>
<doc>Closes the current browser.</doc>
<status status="PASS" start="2025-07-05T18:29:30.863507" elapsed="0.437296"/>
</kw>
<msg time="2025-07-05T18:29:31.306838" level="TRACE">Suppress error Error: Browser has been closed. when setting timeout.</msg>
<tag>CT-003</tag>
<tag>negative</tag>
<status status="PASS" start="2025-07-05T18:29:27.312210" elapsed="3.990907"/>
</test>
<doc>Testes E2E de cadastro e login de usuário</doc>
<status status="PASS" start="2025-07-05T18:28:41.152364" elapsed="50.190365"/>
</suite>
<statistics>
<total>
<stat pass="4" fail="0" skip="0">All Tests</stat>
</total>
<tag>
<stat pass="1" fail="0" skip="0">critical</stat>
<stat pass="1" fail="0" skip="0">CT-001</stat>
<stat pass="1" fail="0" skip="0">CT-002</stat>
<stat pass="1" fail="0" skip="0">CT-003</stat>
<stat pass="1" fail="0" skip="0">CT-004</stat>
<stat pass="1" fail="0" skip="0">e2e</stat>
<stat pass="2" fail="0" skip="0">negative</stat>
<stat pass="1" fail="0" skip="0">profile</stat>
<stat pass="2" fail="0" skip="0">regression</stat>
<stat pass="1" fail="0" skip="0">smoke</stat>
</tag>
<suite>
<stat name="Signup" id="s1" pass="4" fail="0" skip="0">Signup</stat>
</suite>
</statistics>
<errors>
</errors>
</robot>
